2020-08-22 18:56:08 - 接口自动化日志 - "C:/Users/Administrator/PycharmProjects/newadmin_api_framework/test_runner/run_case.py:72" - <module> - INFO - 

===================================================已执行完所有测试用例，测试活动结束==========================================


2020-08-22 18:56:08 - 接口自动化日志 - "C:/Users/Administrator/PycharmProjects/newadmin_api_framework/test_runner/run_case.py:77" - <module> - INFO - 

===================================================测试活动已结束，是否发送报告===================================================



2020-08-22 18:56:15 - 接口自动化日志 - "C:/Users/Administrator/PycharmProjects/newadmin_api_framework/test_runner/run_case.py:85" - <module> - INFO - 各位大佬不需要测试报告结果，没有发送测试报告

2020-08-22 18:56:54 - 接口自动化日志 - "C:/Users/Administrator/PycharmProjects/newadmin_api_framework/test_runner/run_case.py:64" - <module> - INFO - 

====================================================开始清除上次测试结果保留的值====================================================


2020-08-22 18:56:54 - 接口自动化日志 - "C:/Users/Administrator/PycharmProjects/newadmin_api_framework/test_runner/run_case.py:66" - <module> - INFO - 

====================================================开始清除上次测试结果保留的值成功====================================================


2020-08-22 18:56:54 - 接口自动化日志 - "C:/Users/Administrator/PycharmProjects/newadmin_api_framework/test_runner/run_case.py:51" - run - INFO - 

====================================================创建测试报告文件路径成功====================================================


2020-08-22 18:56:54 - 接口自动化日志 - "C:\Users\Administrator\PycharmProjects\newadmin_api_framework\api_testcase\api_test.py:16" - <module> - INFO - 

====================================================正在获取测试用例数据====================================================


2020-08-22 18:56:54 - 接口自动化日志 - "C:/Users/Administrator/PycharmProjects/newadmin_api_framework/test_runner/run_case.py:40" - load_test_suite - INFO - 

====================================================加载所有测试用例完毕====================================================


2020-08-22 18:56:54 - 接口自动化日志 - "C:/Users/Administrator/PycharmProjects/newadmin_api_framework/test_runner/run_case.py:41" - load_test_suite - INFO - 

====================================================开始执行所有测试用例====================================================


2020-08-22 18:56:54 - 接口自动化日志 - "C:\Users\Administrator\PycharmProjects\newadmin_api_framework\common\requests_utils.py:77" - __post - INFO - 登录后台接口接口调用成功
2020-08-22 18:56:54 - 接口自动化日志 - "C:\Users\Administrator\PycharmProjects\newadmin_api_framework\common\requests_utils.py:78" - __post - INFO - 
正在执行的测试用例名称：测试能否正确登录后台接口
正在请求的接口名称：登录后台接口
测试用例编号：case01
正在执行的测试用例步骤：step_01
请求方式：post
请求地址是：/admin/login
请求参数：{"loginName":"liseen1","password":"000000"}
请求头：{"Accept":"application/json, text/plain, */*","Content-Type": "application/json;charset=UTF-8","User-Agent": "Mozilla/5.0 (Windows NT 6.1; Win64; x64) AppleWebKit/537.36 (KHTML, like Gecko) Chrome/83.0.4103.116 Safari/537.36","Accept-Language": "zh-CN,zh;q=0.9,en;q=0.8","Accept-Encoding":"gzip, deflate","Connection": "keep-alive"}

2020-08-22 18:56:55 - 接口自动化日志 - "C:\Users\Administrator\PycharmProjects\newadmin_api_framework\common\requests_utils.py:145" - request - ERROR - 用例编号[case01]的[step_01]步骤出现系统异常，原因是：unsupported operand type(s) for +: 'dict' and 'str'

2020-08-22 18:56:56 - 接口自动化日志 - "C:\Users\Administrator\PycharmProjects\newadmin_api_framework\common\requests_utils.py:77" - __post - INFO - 登录后台接口接口调用成功
2020-08-22 18:56:56 - 接口自动化日志 - "C:\Users\Administrator\PycharmProjects\newadmin_api_framework\common\requests_utils.py:78" - __post - INFO - 
正在执行的测试用例名称：测试能否正确查询平台商管理接口
正在请求的接口名称：登录后台接口
测试用例编号：case02
正在执行的测试用例步骤：step_01
请求方式：post
请求地址是：/admin/login
请求参数：{"loginName":"liseen1","password":"000000"}
请求头：{"Accept":"application/json, text/plain, */*","Content-Type": "application/json;charset=UTF-8","User-Agent": "Mozilla/5.0 (Windows NT 6.1; Win64; x64) AppleWebKit/537.36 (KHTML, like Gecko) Chrome/83.0.4103.116 Safari/537.36","Accept-Language": "zh-CN,zh;q=0.9,en;q=0.8","Accept-Encoding":"gzip, deflate","Connection": "keep-alive"}


2020-08-22 18:56:56 - 接口自动化日志 - "C:\Users\Administrator\PycharmProjects\newadmin_api_framework\common\requests_utils.py:145" - request - ERROR - 用例编号[case02]的[step_01]步骤出现系统异常，原因是：unsupported operand type(s) for +: 'dict' and 'str'

2020-08-22 18:56:58 - 接口自动化日志 - "C:/Users/Administrator/PycharmProjects/newadmin_api_framework/test_runner/run_case.py:72" - <module> - INFO - 

===================================================已执行完所有测试用例，测试活动结束==========================================


2020-08-22 18:56:58 - 接口自动化日志 - "C:/Users/Administrator/PycharmProjects/newadmin_api_framework/test_runner/run_case.py:77" - <module> - INFO - 

===================================================测试活动已结束，是否发送报告===================================================



2020-08-22 18:58:20 - 接口自动化日志 - "C:/Users/Administrator/PycharmProjects/newadmin_api_framework/test_runner/run_case.py:64" - <module> - INFO - 

====================================================开始清除上次测试结果保留的值====================================================


2020-08-22 18:58:20 - 接口自动化日志 - "C:/Users/Administrator/PycharmProjects/newadmin_api_framework/test_runner/run_case.py:66" - <module> - INFO - 

====================================================开始清除上次测试结果保留的值成功====================================================


2020-08-22 18:58:20 - 接口自动化日志 - "C:/Users/Administrator/PycharmProjects/newadmin_api_framework/test_runner/run_case.py:51" - run - INFO - 

====================================================创建测试报告文件路径成功====================================================


2020-08-22 18:58:20 - 接口自动化日志 - "C:\Users\Administrator\PycharmProjects\newadmin_api_framework\api_testcase\api_test.py:16" - <module> - INFO - 

====================================================正在获取测试用例数据====================================================


2020-08-22 18:58:20 - 接口自动化日志 - "C:/Users/Administrator/PycharmProjects/newadmin_api_framework/test_runner/run_case.py:40" - load_test_suite - INFO - 

====================================================加载所有测试用例完毕====================================================


2020-08-22 18:58:20 - 接口自动化日志 - "C:/Users/Administrator/PycharmProjects/newadmin_api_framework/test_runner/run_case.py:41" - load_test_suite - INFO - 

====================================================开始执行所有测试用例====================================================


2020-08-22 18:58:20 - 接口自动化日志 - "C:\Users\Administrator\PycharmProjects\newadmin_api_framework\common\requests_utils.py:77" - __post - INFO - 登录后台接口接口调用成功
2020-08-22 18:58:20 - 接口自动化日志 - "C:\Users\Administrator\PycharmProjects\newadmin_api_framework\common\requests_utils.py:78" - __post - INFO - 
正在执行的测试用例名称：测试能否正确登录后台接口
正在请求的接口名称：登录后台接口
测试用例编号：case01
正在执行的测试用例步骤：step_01
请求方式：post
请求地址是：/admin/login
请求参数：{"loginName":"liseen1","password":"000000"}
请求头：{"Accept":"application/json, text/plain, */*","Content-Type": "application/json;charset=UTF-8","User-Agent": "Mozilla/5.0 (Windows NT 6.1; Win64; x64) AppleWebKit/537.36 (KHTML, like Gecko) Chrome/83.0.4103.116 Safari/537.36","Accept-Language": "zh-CN,zh;q=0.9,en;q=0.8","Accept-Encoding":"gzip, deflate","Connection": "keep-alive"}


2020-08-22 18:58:25 - 接口自动化日志 - "C:\Users\Administrator\PycharmProjects\newadmin_api_framework\common\requests_utils.py:77" - __post - INFO - 登录后台接口接口调用成功
2020-08-22 18:58:25 - 接口自动化日志 - "C:\Users\Administrator\PycharmProjects\newadmin_api_framework\common\requests_utils.py:78" - __post - INFO - 
正在执行的测试用例名称：测试能否正确查询平台商管理接口
正在请求的接口名称：登录后台接口
测试用例编号：case02
正在执行的测试用例步骤：step_01
请求方式：post
请求地址是：/admin/login
请求参数：{"loginName":"liseen1","password":"000000"}
请求头：{"Accept":"application/json, text/plain, */*","Content-Type": "application/json;charset=UTF-8","User-Agent": "Mozilla/5.0 (Windows NT 6.1; Win64; x64) AppleWebKit/537.36 (KHTML, like Gecko) Chrome/83.0.4103.116 Safari/537.36","Accept-Language": "zh-CN,zh;q=0.9,en;q=0.8","Accept-Encoding":"gzip, deflate","Connection": "keep-alive"}


2020-08-22 18:58:32 - 接口自动化日志 - "C:/Users/Administrator/PycharmProjects/newadmin_api_framework/test_runner/run_case.py:72" - <module> - INFO - 

===================================================已执行完所有测试用例，测试活动结束==========================================


2020-08-22 18:58:32 - 接口自动化日志 - "C:/Users/Administrator/PycharmProjects/newadmin_api_framework/test_runner/run_case.py:77" - <module> - INFO - 

===================================================测试活动已结束，是否发送报告===================================================



2020-08-22 18:58:41 - 接口自动化日志 - "C:/Users/Administrator/PycharmProjects/newadmin_api_framework/test_runner/run_case.py:85" - <module> - INFO - 各位大佬不需要测试报告结果，没有发送测试报告

2020-08-22 19:43:04 - 接口自动化日志 - "C:/Users/Administrator/PycharmProjects/newadmin_api_framework/test_runner/run_case.py:84" - <module> - INFO - 哎呀，忘记输入是否发送报告的指令了0.0

