2020-08-26 12:51:01 - 接口自动化日志 - "C:\Users\Administrator\PycharmProjects\another\common\requests_utils.py:107" - __post - ERROR - [平台商管理查询]请求：系统异常，原因是：EOL while scanning string literal (<unknown>, line 1)

2020-08-26 12:51:03 - 接口自动化日志 - "C:/Users/Administrator/PycharmProjects/another/test_runner/run_case.py:75" - <module> - INFO - 

===================================================已执行完所有测试用例，测试活动结束==========================================


2020-08-26 12:51:03 - 接口自动化日志 - "C:/Users/Administrator/PycharmProjects/another/test_runner/run_case.py:80" - <module> - INFO - 

===================================================测试活动已结束，是否发送报告===================================================



2020-08-26 12:52:45 - 接口自动化日志 - "C:\Users\Administrator\PycharmProjects\another\samples\xlutils_faker_demo_new.py:89" - write_data - INFO - ============开始写入测试数据：============
{'username': 'liseen1', 'password': 'a@0000', 'code': '241878', 'rememberMe': '1'}
2020-08-26 12:52:45 - 接口自动化日志 - "C:/Users/Administrator/PycharmProjects/another/test_runner/run_case.py:67" - <module> - INFO - 

====================================================开始清除上次测试结果保留的值====================================================


2020-08-26 12:52:45 - 接口自动化日志 - "C:/Users/Administrator/PycharmProjects/another/test_runner/run_case.py:69" - <module> - INFO - 

====================================================开始清除上次测试结果保留的值成功====================================================


2020-08-26 12:52:45 - 接口自动化日志 - "C:/Users/Administrator/PycharmProjects/another/test_runner/run_case.py:52" - run - INFO - 

====================================================创建测试报告文件路径成功====================================================


2020-08-26 12:52:45 - 接口自动化日志 - "C:\Users\Administrator\PycharmProjects\another\api_testcase\api_test.py:16" - <module> - INFO - 

====================================================正在获取测试用例数据====================================================


2020-08-26 12:52:45 - 接口自动化日志 - "C:/Users/Administrator/PycharmProjects/another/test_runner/run_case.py:41" - load_test_suite - INFO - 

====================================================加载所有测试用例完毕====================================================


2020-08-26 12:52:45 - 接口自动化日志 - "C:/Users/Administrator/PycharmProjects/another/test_runner/run_case.py:42" - load_test_suite - INFO - 

====================================================开始执行所有测试用例====================================================


2020-08-26 12:52:45 - 接口自动化日志 - "C:\Users\Administrator\PycharmProjects\another\common\requests_utils.py:77" - __post - INFO - 登录后台接口接口调用成功
2020-08-26 12:52:45 - 接口自动化日志 - "C:\Users\Administrator\PycharmProjects\another\common\requests_utils.py:78" - __post - INFO - 
正在执行的测试用例名称：测试能否正确登录后台接口
正在请求的接口名称：登录后台接口
测试用例编号：case01
正在执行的测试用例步骤：step_01
请求方式：post
请求地址是：/tx-admin/userLogin
请求参数：{'username': 'liseen1', 'password': 'a@0000', 'code': '241878', 'rememberMe': '1'}
请求头：{"Accept": "text/html,application/xhtml+xml,application/xml;q=0.9,image/webp,image/apng,*/*;q=0.8,application/signed-exchange;v=b3;q=0.9",",Accept-Encoding": "gzip, deflate","Accept-Language": "zh-CN,zh;q=0.9,en;q=0.8","User-Agent":"Mozilla/5.0 (Windows NT 6.1; Win64; x64) AppleWebKit/537.36 (KHTML, like Gecko) Chrome/83.0.4103.116 Safari/537.36","Content-Type":"application/x-www-form-urlencoded"}

2020-08-26 12:52:45 - 接口自动化日志 - "C:\Users\Administrator\PycharmProjects\another\common\requests_utils.py:107" - __post - ERROR - [平台商管理查询]请求：系统异常，原因是：EOL while scanning string literal (<unknown>, line 1)

2020-08-26 12:52:49 - 接口自动化日志 - "C:/Users/Administrator/PycharmProjects/another/test_runner/run_case.py:75" - <module> - INFO - 

===================================================已执行完所有测试用例，测试活动结束==========================================


2020-08-26 12:52:49 - 接口自动化日志 - "C:/Users/Administrator/PycharmProjects/another/test_runner/run_case.py:80" - <module> - INFO - 

===================================================测试活动已结束，是否发送报告===================================================



2020-08-26 12:54:45 - 接口自动化日志 - "C:\Users\Administrator\PycharmProjects\another\samples\xlutils_faker_demo_new.py:89" - write_data - INFO - ============开始写入测试数据：============
{'username': 'liseen1', 'password': 'a@0000', 'code': '526790', 'rememberMe': '1'}
2020-08-26 12:54:45 - 接口自动化日志 - "C:/Users/Administrator/PycharmProjects/another/test_runner/run_case.py:67" - <module> - INFO - 

====================================================开始清除上次测试结果保留的值====================================================


2020-08-26 12:54:45 - 接口自动化日志 - "C:/Users/Administrator/PycharmProjects/another/test_runner/run_case.py:69" - <module> - INFO - 

====================================================开始清除上次测试结果保留的值成功====================================================


2020-08-26 12:54:45 - 接口自动化日志 - "C:/Users/Administrator/PycharmProjects/another/test_runner/run_case.py:52" - run - INFO - 

====================================================创建测试报告文件路径成功====================================================


2020-08-26 12:54:45 - 接口自动化日志 - "C:\Users\Administrator\PycharmProjects\another\api_testcase\api_test.py:16" - <module> - INFO - 

====================================================正在获取测试用例数据====================================================


2020-08-26 12:54:45 - 接口自动化日志 - "C:/Users/Administrator/PycharmProjects/another/test_runner/run_case.py:41" - load_test_suite - INFO - 

====================================================加载所有测试用例完毕====================================================


2020-08-26 12:54:45 - 接口自动化日志 - "C:/Users/Administrator/PycharmProjects/another/test_runner/run_case.py:42" - load_test_suite - INFO - 

====================================================开始执行所有测试用例====================================================


2020-08-26 12:54:45 - 接口自动化日志 - "C:\Users\Administrator\PycharmProjects\another\common\requests_utils.py:77" - __post - INFO - 登录后台接口接口调用成功
2020-08-26 12:54:45 - 接口自动化日志 - "C:\Users\Administrator\PycharmProjects\another\common\requests_utils.py:78" - __post - INFO - 
正在执行的测试用例名称：测试能否正确登录后台接口
正在请求的接口名称：登录后台接口
测试用例编号：case01
正在执行的测试用例步骤：step_01
请求方式：post
请求地址是：/tx-admin/userLogin
请求参数：{'username': 'liseen1', 'password': 'a@0000', 'code': '526790', 'rememberMe': '1'}
请求头：{"Accept": "text/html,application/xhtml+xml,application/xml;q=0.9,image/webp,image/apng,*/*;q=0.8,application/signed-exchange;v=b3;q=0.9",",Accept-Encoding": "gzip, deflate","Accept-Language": "zh-CN,zh;q=0.9,en;q=0.8","User-Agent":"Mozilla/5.0 (Windows NT 6.1; Win64; x64) AppleWebKit/537.36 (KHTML, like Gecko) Chrome/83.0.4103.116 Safari/537.36","Content-Type":"application/x-www-form-urlencoded"}


2020-08-26 12:54:47 - 接口自动化日志 - "C:\Users\Administrator\PycharmProjects\another\common\requests_utils.py:107" - __post - ERROR - [平台商管理查询]请求：系统异常，原因是：EOL while scanning string literal (<unknown>, line 1)

2020-08-26 12:54:51 - 接口自动化日志 - "C:/Users/Administrator/PycharmProjects/another/test_runner/run_case.py:75" - <module> - INFO - 

===================================================已执行完所有测试用例，测试活动结束==========================================


2020-08-26 12:54:51 - 接口自动化日志 - "C:/Users/Administrator/PycharmProjects/another/test_runner/run_case.py:80" - <module> - INFO - 

===================================================测试活动已结束，是否发送报告===================================================



2020-08-26 12:55:46 - 接口自动化日志 - "C:/Users/Administrator/PycharmProjects/another/test_runner/run_case.py:90" - <module> - INFO - 各位大佬不需要测试报告结果，没有发送测试报告

2020-08-26 12:56:44 - 接口自动化日志 - "C:\Users\Administrator\PycharmProjects\another\samples\xlutils_faker_demo_new.py:89" - write_data - INFO - ============开始写入测试数据：============
{'username': 'liseen1', 'password': 'a@0000', 'code': '415485', 'rememberMe': '1'}
2020-08-26 12:56:44 - 接口自动化日志 - "C:/Users/Administrator/PycharmProjects/another/test_runner/run_case.py:67" - <module> - INFO - 

====================================================开始清除上次测试结果保留的值====================================================


2020-08-26 12:56:44 - 接口自动化日志 - "C:/Users/Administrator/PycharmProjects/another/test_runner/run_case.py:69" - <module> - INFO - 

====================================================开始清除上次测试结果保留的值成功====================================================


2020-08-26 12:56:44 - 接口自动化日志 - "C:/Users/Administrator/PycharmProjects/another/test_runner/run_case.py:52" - run - INFO - 

====================================================创建测试报告文件路径成功====================================================


2020-08-26 12:56:44 - 接口自动化日志 - "C:\Users\Administrator\PycharmProjects\another\api_testcase\api_test.py:16" - <module> - INFO - 

====================================================正在获取测试用例数据====================================================


2020-08-26 12:56:44 - 接口自动化日志 - "C:/Users/Administrator/PycharmProjects/another/test_runner/run_case.py:41" - load_test_suite - INFO - 

====================================================加载所有测试用例完毕====================================================


2020-08-26 12:56:44 - 接口自动化日志 - "C:/Users/Administrator/PycharmProjects/another/test_runner/run_case.py:42" - load_test_suite - INFO - 

====================================================开始执行所有测试用例====================================================


2020-08-26 12:56:44 - 接口自动化日志 - "C:\Users\Administrator\PycharmProjects\another\common\requests_utils.py:77" - __post - INFO - 登录后台接口接口调用成功
2020-08-26 12:56:44 - 接口自动化日志 - "C:\Users\Administrator\PycharmProjects\another\common\requests_utils.py:78" - __post - INFO - 
正在执行的测试用例名称：测试能否正确登录后台接口
正在请求的接口名称：登录后台接口
测试用例编号：case01
正在执行的测试用例步骤：step_01
请求方式：post
请求地址是：/tx-admin/userLogin
请求参数：{'username': 'liseen1', 'password': 'a@0000', 'code': '415485', 'rememberMe': '1'}
请求头：{"Accept": "text/html,application/xhtml+xml,application/xml;q=0.9,image/webp,image/apng,*/*;q=0.8,application/signed-exchange;v=b3;q=0.9",",Accept-Encoding": "gzip, deflate","Accept-Language": "zh-CN,zh;q=0.9,en;q=0.8","User-Agent":"Mozilla/5.0 (Windows NT 6.1; Win64; x64) AppleWebKit/537.36 (KHTML, like Gecko) Chrome/83.0.4103.116 Safari/537.36","Content-Type":"application/x-www-form-urlencoded"}


2020-08-26 12:56:46 - 接口自动化日志 - "C:\Users\Administrator\PycharmProjects\another\common\requests_utils.py:107" - __post - ERROR - [平台商管理查询]请求：系统异常，原因是：EOL while scanning string literal (<unknown>, line 1)

2020-08-26 12:56:50 - 接口自动化日志 - "C:/Users/Administrator/PycharmProjects/another/test_runner/run_case.py:75" - <module> - INFO - 

===================================================已执行完所有测试用例，测试活动结束==========================================


2020-08-26 12:56:50 - 接口自动化日志 - "C:/Users/Administrator/PycharmProjects/another/test_runner/run_case.py:80" - <module> - INFO - 

===================================================测试活动已结束，是否发送报告===================================================



