1587724862647	mozrunner::runner	INFO	Running command: "C:\\Program Files (x86)\\Mozilla Firefox\\firefox.exe" "-marionette" "-foreground" "-no-remote" "-profile" "C:\\Users\\ADMINI~1\\AppData\\Local\\Temp\\rust_mozprofileoaKxq0"
1587724864082	addons.webextension.doh-rollout@mozilla.org	WARN	Loading extension 'doh-rollout@mozilla.org': Reading manifest: Invalid extension permission: networkStatus
1587724864473	addons.webextension.screenshots@mozilla.org	WARN	Loading extension 'screenshots@mozilla.org': Reading manifest: Invalid extension permission: mozillaAddons
1587724864473	addons.webextension.screenshots@mozilla.org	WARN	Loading extension 'screenshots@mozilla.org': Reading manifest: Invalid extension permission: telemetry
1587724864474	addons.webextension.screenshots@mozilla.org	WARN	Loading extension 'screenshots@mozilla.org': Reading manifest: Invalid extension permission: resource://pdf.js/
1587724864474	addons.webextension.screenshots@mozilla.org	WARN	Loading extension 'screenshots@mozilla.org': Reading manifest: Invalid extension permission: about:reader*
JavaScript error: resource://gre/modules/XULStore.jsm, line 66: Error: Can't find profile directory.
1587724868834	Marionette	INFO	Listening on port 63180
1587724869203	Marionette	WARN	TLS certificate errors will be ignored for this session
1587725012732	mozrunner::runner	INFO	Running command: "C:\\Program Files (x86)\\Mozilla Firefox\\firefox.exe" "-marionette" "-foreground" "-no-remote" "-profile" "C:\\Users\\ADMINI~1\\AppData\\Local\\Temp\\rust_mozprofile7816YZ"
1587725014135	addons.webextension.doh-rollout@mozilla.org	WARN	Loading extension 'doh-rollout@mozilla.org': Reading manifest: Invalid extension permission: networkStatus
1587725014479	addons.webextension.screenshots@mozilla.org	WARN	Loading extension 'screenshots@mozilla.org': Reading manifest: Invalid extension permission: mozillaAddons
1587725014479	addons.webextension.screenshots@mozilla.org	WARN	Loading extension 'screenshots@mozilla.org': Reading manifest: Invalid extension permission: telemetry
1587725014479	addons.webextension.screenshots@mozilla.org	WARN	Loading extension 'screenshots@mozilla.org': Reading manifest: Invalid extension permission: resource://pdf.js/
1587725014479	addons.webextension.screenshots@mozilla.org	WARN	Loading extension 'screenshots@mozilla.org': Reading manifest: Invalid extension permission: about:reader*
JavaScript error: resource://gre/modules/XULStore.jsm, line 66: Error: Can't find profile directory.
1587725017728	Marionette	INFO	Listening on port 63412
1587725018201	Marionette	WARN	TLS certificate errors will be ignored for this session
1587732758319	Marionette	INFO	Stopped listening on port 63412

###!!! [Child][MessageChannel::SendAndWait] Error: Channel error: cannot send/recv

[0x7FF8AD06B720] ANOMALY: meaningless REX prefix used
[0x7FF8AD06B720] ANOMALY: meaningless REX prefix used
[0x7FF8AD06B720] ANOMALY: meaningless REX prefix used
[0x7FF8AD06B720] ANOMALY: meaningless REX prefix used
[0x7FF8AD06B720] ANOMALY: meaningless REX prefix used
[0x7FF8AD06B720] ANOMALY: meaningless REX prefix used
[0x7FF8AD06B720] ANOMALY: meaningless REX prefix used
[0x7FF8AD06B720] ANOMALY: meaningless REX prefix used
[0x7FF8AD06B720] ANOMALY: meaningless REX prefix used
[0x7FF8AD06B720] ANOMALY: meaningless REX prefix used
lid extension permission: telemetry
1587732505076	addons.webextension.screenshots@mozilla.org	WARN	Loading extension 'screenshots@mozilla.org': Reading manifest: Invalid extension permission: resource://pdf.js/
1587732505076	addons.webextension.screenshots@mozilla.org	WARN	Loading extension 'screenshots@mozilla.org': Reading manifest: Invalid extension permission: about:reader*
JavaScript error: resource://gre/modules/XULStore.jsm, line 66: Error: Can't find profile directory.
1587732510021	Marionette	INFO	Listening on port 56330
1587732510252	Marionette	WARN	TLS certificate errors will be ignored for this session
1587732562906	Marionette	INFO	Stopped listening on port 56330

###!!! [Child][MessageChannel::SendAndWait] Error: Channel error: cannot send/recv

1587735542520	mozrunner::runner	INFO	Running command: "C:\\Program Files (x86)\\Mozilla Firefox\\firefox.exe" "-marionette" "-foreground" "-no-remote" "-profile" "C:\\Users\\ADMINI~1\\AppData\\Local\\Temp\\rust_mozprofile7qTVTf"
1587735544464	addons.webextension.doh-rollout@mozilla.org	WARN	Loading extension 'doh-rollout@mozilla.org': Reading manifest: Invalid extension permission: networkStatus
1587735544912	addons.webextension.screenshots@mozilla.org	WARN	Loading extension 'screenshots@mozilla.org': Reading manifest: Invalid extension permission: mozillaAddons
1587735544912	addons.webextension.screenshots@mozilla.org	WARN	Loading extension 'screenshots@mozilla.org': Reading manifest: Invalid extension permission: telemetry
1587735544913	addons.webextension.screenshots@mozilla.org	WARN	Loading extension 'screenshots@mozilla.org': Reading manifest: Invalid extension permission: resource://pdf.js/
1587735544913	addons.webextension.screenshots@mozilla.org	WARN	Loading extension 'screenshots@mozilla.org': Reading manifest: Invalid extension permission: about:reader*
JavaScript error: resource://gre/modules/XULStore.jsm, line 66: Error: Can't find profile directory.
1587735551028	Marionette	INFO	Listening on port 59717
1587735551366	Marionette	WARN	TLS certificate errors will be ignored for this session
1587735578150	Marionette	INFO	Stopped listening on port 59717

###!!! [Child][MessageChannel::SendAndWait] Error: Channel error: cannot send/recv

1587736135574	mozrunner::runner	INFO	Running command: "C:\\Program Files (x86)\\Mozilla Firefox\\firefox.exe" "-marionette" "-foreground" "-no-remote" "-profile" "C:\\Users\\ADMINI~1\\AppData\\Local\\Temp\\rust_mozprofileZHq1d1"
1587736137331	addons.webextension.doh-rollout@mozilla.org	WARN	Loading extension 'doh-rollout@mozilla.org': Reading manifest: Invalid extension permission: networkStatus
1587736138006	addons.webextension.screenshots@mozilla.org	WARN	Loading extension 'screenshots@mozilla.org': Reading manifest: Invalid extension permission: mozillaAddons
1587736138006	addons.webextension.screenshots@mozilla.org	WARN	Loading extension 'screenshots@mozilla.org': Reading manifest: Invalid extension permission: telemetry
1587736138006	addons.webextension.screenshots@mozilla.org	WARN	Loading extension 'screenshots@mozilla.org': Reading manifest: Invalid extension permission: resource://pdf.js/
1587736138006	addons.webextension.screenshots@mozilla.org	WARN	Loading extension 'screenshots@mozilla.org': Reading manifest: Invalid extension permission: about:reader*
JavaScript error: resource://gre/modules/XULStore.jsm, line 66: Error: Can't find profile directory.
1587736143918	Marionette	INFO	Listening on port 60471
1587736144338	Marionette	WARN	TLS certificate errors will be ignored for this session
1587736160511	Marionette	INFO	Stopped listening on port 60471

###!!! [Child][RunMessage] Error: Channel closing: too late to send/recv, messages will be lost


###!!! [Child][MessageChannel::SendAndWait] Error: Channel error: cannot send/recv

[0x7FF8AD06B720] ANOMALY: meaningless REX prefix used
[0x7FF8AD06B720] ANOMALY: meaningless REX prefix used
[0x7FF8AD06B720] ANOMALY: meaningless REX prefix used
