[2020-06-03 12:01:37,316] selenium_base_case.py->setUpClass line:16 [INFO] : ==================测试类开始执行==================
[2020-06-03 12:01:37,367] selenium_base_case.py->setUp line:21 [INFO] : ------------------测试方法开始执行------------------
[2020-06-03 12:01:59,874] browser.py->__get_firefox_driver line:35 [INFO] : 初始化并启动火狐浏览器
[2020-06-03 12:01:59,874] base_page.py->__init__ line:22 [INFO] : 实例化浏览器驱动
[2020-06-03 12:01:59,874] base_page.py->set_browser_personalized line:59 [INFO] : 开始进行个性化浏览器设置
[2020-06-03 12:02:02,526] base_page.py->set_browser_personalized line:63 [INFO] : 最大化浏览器，等待时间为默认等待时间，设置浏览器窗口为450*900的H5页面
[2020-06-03 12:02:02,531] base_page.py->implicity_wait line:146 [INFO] : 设置隐式等待时间为10.0秒
[2020-06-03 12:02:21,531] base_page.py->open_url line:28 [INFO] : 打开浏览器地址http://150.109.170.136:8082/
[2020-06-03 12:02:21,531] base_page.py->__init__ line:22 [INFO] : 实例化浏览器驱动
[2020-06-03 12:02:21,601] base_page.py->find_element line:198 [INFO] : [用户名输入框]元素识别成功
[2020-06-03 12:02:21,624] base_page.py->input_element_operation line:219 [INFO] : [用户名输入框]元素输入内容为：test01
[2020-06-03 12:02:21,632] base_page.py->find_element line:198 [INFO] : [密码输入框]元素识别成功
[2020-06-03 12:02:21,648] base_page.py->input_element_operation line:219 [INFO] : [密码输入框]元素输入内容为：111111
[2020-06-03 12:02:21,655] base_page.py->find_element line:198 [INFO] : [登录按钮]元素识别成功
[2020-06-03 12:02:21,874] base_page.py->click_operation line:209 [INFO] : [登录按钮]元素进行点击操作
[2020-06-03 12:02:21,877] base_page.py->implicity_wait line:146 [INFO] : 设置隐式等待时间为10.0秒
[2020-06-03 12:02:22,817] base_page.py->find_element line:198 [INFO] : [登录失败返回的文本信息]元素识别成功
[2020-06-03 12:02:22,817] base_page.py->get_elementinfo_text line:95 [INFO] : 获取元素文本信息登录失败返回的文本信息成功
[2020-06-03 12:02:22,832] login_action.py->login_fail line:34 [INFO] : 登录失败,返回登录失败的提示信息为：
[2020-06-03 12:02:22,835] base_page.py->implicity_wait line:146 [INFO] : 设置隐式等待时间为10.0秒
[2020-06-03 12:02:22,841] base_page.py->find_element line:198 [INFO] : [登录失败返回的文本信息]元素识别成功
[2020-06-03 12:02:22,841] base_page.py->get_elementinfo_text line:95 [INFO] : 获取元素文本信息登录失败返回的文本信息成功
[2020-06-03 12:02:25,242] base_page.py->close_current_browser_tab line:36 [INFO] : 关闭当前tab页签
[2020-06-03 12:02:25,242] selenium_base_case.py->tearDown line:34 [INFO] : ------------------测试方法执行完毕------------------
[2020-06-03 12:02:25,242] selenium_base_case.py->setUp line:21 [INFO] : ------------------测试方法开始执行------------------
[2020-06-03 12:02:36,091] browser.py->__get_firefox_driver line:35 [INFO] : 初始化并启动火狐浏览器
[2020-06-03 12:02:36,092] base_page.py->__init__ line:22 [INFO] : 实例化浏览器驱动
[2020-06-03 12:02:36,092] base_page.py->set_browser_personalized line:59 [INFO] : 开始进行个性化浏览器设置
[2020-06-03 12:02:38,449] base_page.py->set_browser_personalized line:63 [INFO] : 最大化浏览器，等待时间为默认等待时间，设置浏览器窗口为450*900的H5页面
[2020-06-03 12:02:38,453] base_page.py->implicity_wait line:146 [INFO] : 设置隐式等待时间为10.0秒
[2020-06-03 12:02:57,480] base_page.py->open_url line:28 [INFO] : 打开浏览器地址http://150.109.170.136:8082/
[2020-06-03 12:02:57,480] base_page.py->__init__ line:22 [INFO] : 实例化浏览器驱动
[2020-06-03 12:02:57,503] base_page.py->find_element line:198 [INFO] : [用户名输入框]元素识别成功
[2020-06-03 12:02:57,553] base_page.py->input_element_operation line:219 [INFO] : [用户名输入框]元素输入内容为：liseen001
[2020-06-03 12:02:57,559] base_page.py->find_element line:198 [INFO] : [密码输入框]元素识别成功
[2020-06-03 12:02:57,586] base_page.py->input_element_operation line:219 [INFO] : [密码输入框]元素输入内容为：000000
[2020-06-03 12:02:57,592] base_page.py->find_element line:198 [INFO] : [登录按钮]元素识别成功
[2020-06-03 12:02:57,816] base_page.py->click_operation line:209 [INFO] : [登录按钮]元素进行点击操作
[2020-06-03 12:02:57,816] login_action.py->login_success line:24 [INFO] : 登录成功
[2020-06-03 12:02:57,817] base_page.py->__init__ line:22 [INFO] : 实例化浏览器驱动
[2020-06-03 12:02:57,898] base_page.py->implicity_wait line:146 [INFO] : 设置隐式等待时间为10.0秒
[2020-06-03 12:02:59,980] base_page.py->find_element line:198 [INFO] : [更多按钮]元素识别成功
[2020-06-03 12:02:59,980] base_page.py->get_elementinfo_text line:95 [INFO] : 获取元素文本信息更多按钮成功
[2020-06-03 12:03:02,927] base_page.py->close_current_browser_tab line:36 [INFO] : 关闭当前tab页签
[2020-06-03 12:03:02,927] selenium_base_case.py->tearDown line:34 [INFO] : ------------------测试方法执行完毕------------------
[2020-06-03 12:03:02,927] selenium_base_case.py->tearDownClass line:38 [INFO] : ==================测试类执行完毕==================
[2020-06-03 12:03:04,867] email_utils.py->zip_send_mail line:99 [INFO] : 邮件发送成功
