[2020-06-02 11:33:35,037] browser.py->__get_firefox_driver line:35 [INFO] : 初始化并启动火狐浏览器
[2020-06-02 11:33:35,038] base_page.py->__init__ line:22 [INFO] : 实例化浏览器驱动
[2020-06-02 11:33:36,559] base_page.py->open_url line:30 [ERROR] : 不能打开浏览器地址，原因是：Message: Reached error page: about:neterror?e=connectionFailure&u=http%3A//150.109.170.136%3A8082/&c=UTF-8&f=regular&d=Firefox%20%E6%97%A0%E6%B3%95%E5%BB%BA%E7%AB%8B%E5%88%B0%20150.109.170.136%3A8082%20%E6%9C%8D%E5%8A%A1%E5%99%A8%E7%9A%84%E8%BF%9E%E6%8E%A5%E3%80%82

[2020-06-02 11:33:36,559] base_page.py->screen_shoot_as_file line:158 [ERROR] : 截图失败，失败的原因是：unsupported operand type(s) for +: 'NoneType' and 'str'
[2020-06-02 11:33:36,563] base_page.py->set_browser_personalized line:59 [INFO] : 开始进行个性化浏览器设置
[2020-06-02 11:33:38,970] base_page.py->set_browser_personalized line:63 [INFO] : 最大化浏览器，等待时间为默认等待时间，设置浏览器窗口为450*900的H5页面
[2020-06-02 11:33:44,107] base_page.py->find_element line:199 [ERROR] : [用户名输入框]元素识失败，失败的原因是：Message: 

[2020-06-02 11:33:44,107] base_page.py->screen_shoot_as_file line:158 [ERROR] : 截图失败，失败的原因是：unsupported operand type(s) for +: 'NoneType' and 'str'
[2020-06-02 11:37:46,184] browser.py->__get_firefox_driver line:35 [INFO] : 初始化并启动火狐浏览器
[2020-06-02 11:37:46,185] base_page.py->__init__ line:22 [INFO] : 实例化浏览器驱动
[2020-06-02 11:38:05,776] base_page.py->open_url line:28 [INFO] : 打开浏览器地址http://150.109.170.136:8082/
[2020-06-02 11:38:05,776] base_page.py->set_browser_personalized line:59 [INFO] : 开始进行个性化浏览器设置
[2020-06-02 11:38:08,202] base_page.py->set_browser_personalized line:63 [INFO] : 最大化浏览器，等待时间为默认等待时间，设置浏览器窗口为450*900的H5页面
[2020-06-02 11:38:08,224] base_page.py->find_element line:197 [INFO] : [用户名输入框]元素识别成功
[2020-06-02 11:38:08,261] base_page.py->input_element_operation line:218 [INFO] : [用户名输入框]元素输入内容为：liseen001
[2020-06-02 11:38:08,267] base_page.py->find_element line:197 [INFO] : [密码输入框]元素识别成功
[2020-06-02 11:38:08,283] base_page.py->input_element_operation line:218 [INFO] : [密码输入框]元素输入内容为：000000
[2020-06-02 11:38:08,288] base_page.py->find_element line:197 [INFO] : [登录按钮]元素识别成功
[2020-06-02 11:38:08,514] base_page.py->click_operation line:208 [INFO] : [登录按钮]元素进行点击操作
[2020-06-02 11:38:10,516] base_page.py->substation_wait line:140 [INFO] : 设置固定等待时间为：2
[2020-06-02 11:38:10,516] base_page.py->screen_shoot_as_file line:158 [ERROR] : 截图失败，失败的原因是：unsupported operand type(s) for +: 'NoneType' and 'str'
[2020-06-02 15:54:46,186] browser.py->__get_firefox_driver line:35 [INFO] : 初始化并启动火狐浏览器
[2020-06-02 15:55:05,050] base_page.py->__init__ line:22 [INFO] : 实例化浏览器驱动
[2020-06-02 15:55:05,113] base_page.py->find_element line:197 [INFO] : [用户名输入框]元素识别成功
[2020-06-02 15:55:05,141] base_page.py->input_element_operation line:218 [INFO] : [用户名输入框]元素输入内容为：liseen001
[2020-06-02 15:55:05,147] base_page.py->find_element line:197 [INFO] : [密码输入框]元素识别成功
[2020-06-02 15:55:05,171] base_page.py->input_element_operation line:218 [INFO] : [密码输入框]元素输入内容为：000000
[2020-06-02 15:55:05,177] base_page.py->find_element line:197 [INFO] : [登录按钮]元素识别成功
[2020-06-02 15:55:05,408] base_page.py->click_operation line:208 [INFO] : [登录按钮]元素进行点击操作
[2020-06-02 16:05:23,129] browser.py->__get_firefox_driver line:35 [INFO] : 初始化并启动火狐浏览器
[2020-06-02 16:05:42,065] base_page.py->__init__ line:22 [INFO] : 实例化浏览器驱动
[2020-06-02 16:05:42,120] base_page.py->__init__ line:22 [INFO] : 实例化浏览器驱动
[2020-06-02 16:05:42,130] base_page.py->find_element line:197 [INFO] : [用户名输入框]元素识别成功
[2020-06-02 16:05:42,157] base_page.py->input_element_operation line:218 [INFO] : [用户名输入框]元素输入内容为：liseen001
[2020-06-02 16:05:42,157] base_page.py->__init__ line:22 [INFO] : 实例化浏览器驱动
[2020-06-02 16:05:42,166] base_page.py->find_element line:197 [INFO] : [密码输入框]元素识别成功
[2020-06-02 16:05:42,180] base_page.py->input_element_operation line:218 [INFO] : [密码输入框]元素输入内容为：000000
[2020-06-02 16:05:42,181] base_page.py->__init__ line:22 [INFO] : 实例化浏览器驱动
[2020-06-02 16:05:42,189] base_page.py->find_element line:197 [INFO] : [登录按钮]元素识别成功
[2020-06-02 16:05:42,415] base_page.py->click_operation line:208 [INFO] : [登录按钮]元素进行点击操作
[2020-06-02 16:05:44,499] base_page.py->find_element line:197 [INFO] : [搜索按钮]元素识别成功
[2020-06-02 17:16:05,443] selenium_base_case.py->setUpClass line:16 [INFO] : ==================测试类开始执行==================
[2020-06-02 17:16:05,453] selenium_base_case.py->setUp line:21 [INFO] : ------------------测试方法开始执行------------------
[2020-06-02 17:16:21,756] browser.py->__get_firefox_driver line:35 [INFO] : 初始化并启动火狐浏览器
[2020-06-02 17:16:21,757] base_page.py->__init__ line:22 [INFO] : 实例化浏览器驱动
[2020-06-02 17:16:21,757] base_page.py->set_browser_personalized line:59 [INFO] : 开始进行个性化浏览器设置
[2020-06-02 17:16:24,425] base_page.py->set_browser_personalized line:63 [INFO] : 最大化浏览器，等待时间为默认等待时间，设置浏览器窗口为450*900的H5页面
[2020-06-02 17:16:24,556] base_page.py->implicity_wait line:145 [INFO] : 设置隐式等待时间为10.0秒
[2020-06-02 17:16:43,685] base_page.py->open_url line:28 [INFO] : 打开浏览器地址http://150.109.170.136:8082/
[2020-06-02 17:16:43,686] base_page.py->__init__ line:22 [INFO] : 实例化浏览器驱动
[2020-06-02 17:16:53,755] base_page.py->substation_wait line:140 [INFO] : 设置固定等待时间为：10.0
[2020-06-02 17:16:53,755] base_page.py->screen_shoot_as_file line:158 [ERROR] : 截图失败，失败的原因是：unsupported operand type(s) for +: 'NoneType' and 'str'
[2020-06-02 17:16:59,366] base_page.py->close_current_browser_tab line:36 [INFO] : 关闭当前tab页签
[2020-06-02 17:16:59,367] selenium_base_case.py->tearDown line:34 [INFO] : ------------------测试方法执行完毕------------------
[2020-06-02 17:19:10,417] selenium_base_case.py->setUpClass line:16 [INFO] : ==================测试类开始执行==================
[2020-06-02 17:19:10,421] selenium_base_case.py->setUp line:21 [INFO] : ------------------测试方法开始执行------------------
[2020-06-02 17:19:27,710] browser.py->__get_firefox_driver line:35 [INFO] : 初始化并启动火狐浏览器
[2020-06-02 17:19:27,710] base_page.py->__init__ line:22 [INFO] : 实例化浏览器驱动
[2020-06-02 17:19:27,710] base_page.py->set_browser_personalized line:59 [INFO] : 开始进行个性化浏览器设置
[2020-06-02 17:19:30,268] base_page.py->set_browser_personalized line:63 [INFO] : 最大化浏览器，等待时间为默认等待时间，设置浏览器窗口为450*900的H5页面
[2020-06-02 17:19:30,355] base_page.py->implicity_wait line:145 [INFO] : 设置隐式等待时间为10.0秒
[2020-06-02 17:19:49,050] base_page.py->open_url line:28 [INFO] : 打开浏览器地址http://150.109.170.136:8082/
[2020-06-02 17:19:49,050] base_page.py->__init__ line:22 [INFO] : 实例化浏览器驱动
[2020-06-02 17:19:59,124] base_page.py->substation_wait line:140 [INFO] : 设置固定等待时间为：10.0
[2020-06-02 17:19:59,124] base_page.py->screen_shoot_as_file line:158 [ERROR] : 截图失败，失败的原因是：unsupported operand type(s) for +: 'NoneType' and 'str'
[2020-06-02 17:20:03,403] base_page.py->close_current_browser_tab line:36 [INFO] : 关闭当前tab页签
[2020-06-02 17:20:03,403] selenium_base_case.py->tearDown line:34 [INFO] : ------------------测试方法执行完毕------------------
[2020-06-02 18:04:51,114] selenium_base_case.py->setUpClass line:16 [INFO] : ==================测试类开始执行==================
[2020-06-02 18:04:51,116] selenium_base_case.py->setUp line:21 [INFO] : ------------------测试方法开始执行------------------
[2020-06-02 18:05:13,666] browser.py->__get_firefox_driver line:35 [INFO] : 初始化并启动火狐浏览器
[2020-06-02 18:05:13,666] base_page.py->__init__ line:22 [INFO] : 实例化浏览器驱动
[2020-06-02 18:05:13,666] base_page.py->set_browser_personalized line:59 [INFO] : 开始进行个性化浏览器设置
[2020-06-02 18:05:16,124] base_page.py->set_browser_personalized line:63 [INFO] : 最大化浏览器，等待时间为默认等待时间，设置浏览器窗口为450*900的H5页面
[2020-06-02 18:05:16,130] base_page.py->implicity_wait line:145 [INFO] : 设置隐式等待时间为10.0秒
[2020-06-02 18:05:35,095] base_page.py->open_url line:28 [INFO] : 打开浏览器地址http://150.109.170.136:8082/
[2020-06-02 18:05:35,096] base_page.py->__init__ line:22 [INFO] : 实例化浏览器驱动
[2020-06-02 18:05:35,178] base_page.py->find_element line:197 [INFO] : [用户名输入框]元素识别成功
[2020-06-02 18:05:35,214] base_page.py->input_element_operation line:218 [INFO] : [用户名输入框]元素输入内容为：test01
[2020-06-02 18:05:35,226] base_page.py->find_element line:197 [INFO] : [密码输入框]元素识别成功
[2020-06-02 18:05:35,253] base_page.py->input_element_operation line:218 [INFO] : [密码输入框]元素输入内容为：111111
[2020-06-02 18:05:35,260] base_page.py->find_element line:197 [INFO] : [登录按钮]元素识别成功
[2020-06-02 18:05:35,495] base_page.py->click_operation line:208 [INFO] : [登录按钮]元素进行点击操作
[2020-06-02 18:05:45,496] base_page.py->substation_wait line:140 [INFO] : 设置固定等待时间为：10.0
[2020-06-02 18:05:55,580] base_page.py->switch_to_alter line:245 [ERROR] : 切换至弹出框失败，失败的原因是：Message: 

[2020-06-02 18:05:55,871] base_page.py->screen_shoot_as_file line:156 [INFO] : 截图成功
[2020-06-02 18:06:05,872] base_page.py->substation_wait line:140 [INFO] : 设置固定等待时间为：10.0
[2020-06-02 18:06:06,088] base_page.py->screen_shoot_as_file line:156 [INFO] : 截图成功
[2020-06-02 18:06:09,676] base_page.py->close_current_browser_tab line:36 [INFO] : 关闭当前tab页签
[2020-06-02 18:06:09,676] selenium_base_case.py->tearDown line:34 [INFO] : ------------------测试方法执行完毕------------------
[2020-06-02 18:06:09,677] selenium_base_case.py->setUp line:21 [INFO] : ------------------测试方法开始执行------------------
[2020-06-02 18:06:27,999] browser.py->__get_firefox_driver line:35 [INFO] : 初始化并启动火狐浏览器
[2020-06-02 18:06:27,999] base_page.py->__init__ line:22 [INFO] : 实例化浏览器驱动
[2020-06-02 18:06:27,999] base_page.py->set_browser_personalized line:59 [INFO] : 开始进行个性化浏览器设置
[2020-06-02 18:06:30,460] base_page.py->set_browser_personalized line:63 [INFO] : 最大化浏览器，等待时间为默认等待时间，设置浏览器窗口为450*900的H5页面
[2020-06-02 18:06:30,498] base_page.py->implicity_wait line:145 [INFO] : 设置隐式等待时间为10.0秒
[2020-06-02 18:06:49,294] base_page.py->open_url line:28 [INFO] : 打开浏览器地址http://150.109.170.136:8082/
[2020-06-02 18:06:49,295] base_page.py->__init__ line:22 [INFO] : 实例化浏览器驱动
[2020-06-02 18:06:59,303] base_page.py->substation_wait line:140 [INFO] : 设置固定等待时间为：10.0
[2020-06-02 18:06:59,616] base_page.py->screen_shoot_as_file line:156 [INFO] : 截图成功
[2020-06-02 18:07:02,313] base_page.py->close_current_browser_tab line:36 [INFO] : 关闭当前tab页签
[2020-06-02 18:07:02,313] selenium_base_case.py->tearDown line:34 [INFO] : ------------------测试方法执行完毕------------------
[2020-06-02 18:07:02,313] selenium_base_case.py->tearDownClass line:38 [INFO] : ==================测试类执行完毕==================
[2020-06-02 18:11:50,466] selenium_base_case.py->setUpClass line:16 [INFO] : ==================测试类开始执行==================
[2020-06-02 18:11:50,467] selenium_base_case.py->setUp line:21 [INFO] : ------------------测试方法开始执行------------------
[2020-06-02 18:12:04,545] browser.py->__get_firefox_driver line:35 [INFO] : 初始化并启动火狐浏览器
[2020-06-02 18:12:04,577] base_page.py->__init__ line:22 [INFO] : 实例化浏览器驱动
[2020-06-02 18:12:04,577] base_page.py->set_browser_personalized line:59 [INFO] : 开始进行个性化浏览器设置
[2020-06-02 18:12:06,924] base_page.py->set_browser_personalized line:63 [INFO] : 最大化浏览器，等待时间为默认等待时间，设置浏览器窗口为450*900的H5页面
[2020-06-02 18:12:06,935] base_page.py->implicity_wait line:145 [INFO] : 设置隐式等待时间为10.0秒
[2020-06-02 18:12:26,196] base_page.py->open_url line:28 [INFO] : 打开浏览器地址http://150.109.170.136:8082/
[2020-06-02 18:12:26,196] base_page.py->__init__ line:22 [INFO] : 实例化浏览器驱动
[2020-06-02 18:12:26,268] base_page.py->find_element line:197 [INFO] : [用户名输入框]元素识别成功
[2020-06-02 18:12:26,333] base_page.py->input_element_operation line:218 [INFO] : [用户名输入框]元素输入内容为：test01
[2020-06-02 18:12:26,345] base_page.py->find_element line:197 [INFO] : [密码输入框]元素识别成功
[2020-06-02 18:12:26,393] base_page.py->input_element_operation line:218 [INFO] : [密码输入框]元素输入内容为：111111
[2020-06-02 18:12:26,399] base_page.py->find_element line:197 [INFO] : [登录按钮]元素识别成功
[2020-06-02 18:12:26,648] base_page.py->click_operation line:208 [INFO] : [登录按钮]元素进行点击操作
[2020-06-02 18:12:36,650] base_page.py->substation_wait line:140 [INFO] : 设置固定等待时间为：10.0
[2020-06-02 18:12:46,743] base_page.py->switch_to_alter line:245 [ERROR] : 切换至弹出框失败，失败的原因是：Message: 

[2020-06-02 18:12:46,985] base_page.py->screen_shoot_as_file line:156 [INFO] : 截图成功
[2020-06-02 18:12:56,985] base_page.py->substation_wait line:140 [INFO] : 设置固定等待时间为：10.0
[2020-06-02 18:12:57,180] base_page.py->screen_shoot_as_file line:156 [INFO] : 截图成功
[2020-06-02 18:13:01,502] base_page.py->close_current_browser_tab line:36 [INFO] : 关闭当前tab页签
[2020-06-02 18:13:01,502] selenium_base_case.py->tearDown line:34 [INFO] : ------------------测试方法执行完毕------------------
[2020-06-02 18:13:01,505] selenium_base_case.py->setUp line:21 [INFO] : ------------------测试方法开始执行------------------
[2020-06-02 18:13:16,677] browser.py->__get_firefox_driver line:35 [INFO] : 初始化并启动火狐浏览器
[2020-06-02 18:13:16,677] base_page.py->__init__ line:22 [INFO] : 实例化浏览器驱动
[2020-06-02 18:13:16,677] base_page.py->set_browser_personalized line:59 [INFO] : 开始进行个性化浏览器设置
[2020-06-02 18:13:19,126] base_page.py->set_browser_personalized line:63 [INFO] : 最大化浏览器，等待时间为默认等待时间，设置浏览器窗口为450*900的H5页面
[2020-06-02 18:13:19,204] base_page.py->implicity_wait line:145 [INFO] : 设置隐式等待时间为10.0秒
[2020-06-02 18:13:38,761] base_page.py->open_url line:28 [INFO] : 打开浏览器地址http://150.109.170.136:8082/
[2020-06-02 18:13:38,762] base_page.py->__init__ line:22 [INFO] : 实例化浏览器驱动
[2020-06-02 18:13:48,767] base_page.py->substation_wait line:140 [INFO] : 设置固定等待时间为：10.0
[2020-06-02 18:13:49,000] base_page.py->screen_shoot_as_file line:156 [INFO] : 截图成功
[2020-06-02 18:13:53,316] base_page.py->close_current_browser_tab line:36 [INFO] : 关闭当前tab页签
[2020-06-02 18:13:53,316] selenium_base_case.py->tearDown line:34 [INFO] : ------------------测试方法执行完毕------------------
[2020-06-02 18:13:53,316] selenium_base_case.py->tearDownClass line:38 [INFO] : ==================测试类执行完毕==================
[2020-06-02 18:19:07,276] selenium_base_case.py->setUpClass line:16 [INFO] : ==================测试类开始执行==================
[2020-06-02 18:19:07,278] selenium_base_case.py->setUp line:21 [INFO] : ------------------测试方法开始执行------------------
[2020-06-02 18:19:21,648] browser.py->__get_firefox_driver line:35 [INFO] : 初始化并启动火狐浏览器
[2020-06-02 18:19:21,648] base_page.py->__init__ line:22 [INFO] : 实例化浏览器驱动
[2020-06-02 18:19:21,648] base_page.py->set_browser_personalized line:59 [INFO] : 开始进行个性化浏览器设置
[2020-06-02 18:19:24,114] base_page.py->set_browser_personalized line:63 [INFO] : 最大化浏览器，等待时间为默认等待时间，设置浏览器窗口为450*900的H5页面
[2020-06-02 18:19:24,118] base_page.py->implicity_wait line:145 [INFO] : 设置隐式等待时间为10.0秒
[2020-06-02 18:19:42,946] base_page.py->open_url line:28 [INFO] : 打开浏览器地址http://150.109.170.136:8082/
[2020-06-02 18:19:42,947] base_page.py->__init__ line:22 [INFO] : 实例化浏览器驱动
[2020-06-02 18:19:43,014] base_page.py->find_element line:197 [INFO] : [用户名输入框]元素识别成功
[2020-06-02 18:19:43,071] base_page.py->input_element_operation line:218 [INFO] : [用户名输入框]元素输入内容为：test01
[2020-06-02 18:19:43,080] base_page.py->find_element line:197 [INFO] : [密码输入框]元素识别成功
[2020-06-02 18:19:43,128] base_page.py->input_element_operation line:218 [INFO] : [密码输入框]元素输入内容为：111111
[2020-06-02 18:19:43,145] base_page.py->find_element line:197 [INFO] : [登录按钮]元素识别成功
[2020-06-02 18:19:43,387] base_page.py->click_operation line:208 [INFO] : [登录按钮]元素进行点击操作
[2020-06-02 18:19:53,388] base_page.py->substation_wait line:140 [INFO] : 设置固定等待时间为：10.0
[2020-06-02 18:20:03,468] base_page.py->switch_to_alter line:245 [ERROR] : 切换至弹出框失败，失败的原因是：Message: 

[2020-06-02 18:20:03,710] base_page.py->screen_shoot_as_file line:156 [INFO] : 截图成功
[2020-06-02 18:20:13,713] base_page.py->substation_wait line:140 [INFO] : 设置固定等待时间为：10.0
[2020-06-02 18:20:14,049] base_page.py->screen_shoot_as_file line:156 [INFO] : 截图成功
[2020-06-02 18:20:19,083] base_page.py->close_current_browser_tab line:36 [INFO] : 关闭当前tab页签
[2020-06-02 18:20:19,083] selenium_base_case.py->tearDown line:34 [INFO] : ------------------测试方法执行完毕------------------
[2020-06-02 18:20:19,084] selenium_base_case.py->setUp line:21 [INFO] : ------------------测试方法开始执行------------------
[2020-06-02 18:20:35,507] browser.py->__get_firefox_driver line:35 [INFO] : 初始化并启动火狐浏览器
[2020-06-02 18:20:35,507] base_page.py->__init__ line:22 [INFO] : 实例化浏览器驱动
[2020-06-02 18:20:35,508] base_page.py->set_browser_personalized line:59 [INFO] : 开始进行个性化浏览器设置
[2020-06-02 18:20:37,875] base_page.py->set_browser_personalized line:63 [INFO] : 最大化浏览器，等待时间为默认等待时间，设置浏览器窗口为450*900的H5页面
[2020-06-02 18:20:37,890] base_page.py->implicity_wait line:145 [INFO] : 设置隐式等待时间为10.0秒
[2020-06-02 18:20:56,913] base_page.py->open_url line:28 [INFO] : 打开浏览器地址http://150.109.170.136:8082/
[2020-06-02 18:20:56,913] base_page.py->__init__ line:22 [INFO] : 实例化浏览器驱动
[2020-06-02 18:21:06,918] base_page.py->substation_wait line:140 [INFO] : 设置固定等待时间为：10.0
[2020-06-02 18:21:07,134] base_page.py->screen_shoot_as_file line:156 [INFO] : 截图成功
[2020-06-02 18:21:11,750] base_page.py->close_current_browser_tab line:36 [INFO] : 关闭当前tab页签
[2020-06-02 18:21:11,750] selenium_base_case.py->tearDown line:34 [INFO] : ------------------测试方法执行完毕------------------
[2020-06-02 18:21:11,750] selenium_base_case.py->tearDownClass line:38 [INFO] : ==================测试类执行完毕==================
[2020-06-02 18:23:56,903] selenium_base_case.py->setUpClass line:16 [INFO] : ==================测试类开始执行==================
[2020-06-02 18:23:56,910] selenium_base_case.py->setUp line:21 [INFO] : ------------------测试方法开始执行------------------
[2020-06-02 18:24:12,898] browser.py->__get_firefox_driver line:35 [INFO] : 初始化并启动火狐浏览器
[2020-06-02 18:24:12,898] base_page.py->__init__ line:22 [INFO] : 实例化浏览器驱动
[2020-06-02 18:24:12,898] base_page.py->set_browser_personalized line:59 [INFO] : 开始进行个性化浏览器设置
[2020-06-02 18:24:15,478] base_page.py->set_browser_personalized line:63 [INFO] : 最大化浏览器，等待时间为默认等待时间，设置浏览器窗口为450*900的H5页面
[2020-06-02 18:24:15,482] base_page.py->implicity_wait line:145 [INFO] : 设置隐式等待时间为10.0秒
[2020-06-02 18:24:34,613] base_page.py->open_url line:28 [INFO] : 打开浏览器地址http://150.109.170.136:8082/
[2020-06-02 18:24:34,614] base_page.py->__init__ line:22 [INFO] : 实例化浏览器驱动
[2020-06-02 18:24:44,670] base_page.py->substation_wait line:140 [INFO] : 设置固定等待时间为：10.0
[2020-06-02 18:24:44,670] base_page.py->screen_shoot_as_file line:158 [ERROR] : 截图失败，失败的原因是：unsupported operand type(s) for +: 'NoneType' and 'str'
[2020-06-02 18:24:47,269] base_page.py->close_current_browser_tab line:36 [INFO] : 关闭当前tab页签
[2020-06-02 18:24:47,269] selenium_base_case.py->tearDown line:34 [INFO] : ------------------测试方法执行完毕------------------
[2020-06-02 18:24:58,462] selenium_base_case.py->setUpClass line:16 [INFO] : ==================测试类开始执行==================
[2020-06-02 18:24:58,463] selenium_base_case.py->setUp line:21 [INFO] : ------------------测试方法开始执行------------------
[2020-06-02 18:25:15,671] browser.py->__get_firefox_driver line:35 [INFO] : 初始化并启动火狐浏览器
[2020-06-02 18:25:15,672] base_page.py->__init__ line:22 [INFO] : 实例化浏览器驱动
[2020-06-02 18:25:15,672] base_page.py->set_browser_personalized line:59 [INFO] : 开始进行个性化浏览器设置
[2020-06-02 18:25:18,025] base_page.py->set_browser_personalized line:63 [INFO] : 最大化浏览器，等待时间为默认等待时间，设置浏览器窗口为450*900的H5页面
[2020-06-02 18:25:18,037] base_page.py->implicity_wait line:145 [INFO] : 设置隐式等待时间为10.0秒
[2020-06-02 18:25:36,836] base_page.py->open_url line:28 [INFO] : 打开浏览器地址http://150.109.170.136:8082/
[2020-06-02 18:25:36,836] base_page.py->__init__ line:22 [INFO] : 实例化浏览器驱动
[2020-06-02 18:25:36,911] base_page.py->find_element line:197 [INFO] : [用户名输入框]元素识别成功
[2020-06-02 18:25:36,946] base_page.py->input_element_operation line:218 [INFO] : [用户名输入框]元素输入内容为：liseen001
[2020-06-02 18:25:36,953] base_page.py->find_element line:197 [INFO] : [密码输入框]元素识别成功
[2020-06-02 18:25:36,981] base_page.py->input_element_operation line:218 [INFO] : [密码输入框]元素输入内容为：000000
[2020-06-02 18:25:36,987] base_page.py->find_element line:197 [INFO] : [登录按钮]元素识别成功
[2020-06-02 18:25:37,218] base_page.py->click_operation line:208 [INFO] : [登录按钮]元素进行点击操作
[2020-06-02 18:25:37,219] base_page.py->__init__ line:22 [INFO] : 实例化浏览器驱动
[2020-06-02 18:25:37,352] base_page.py->screen_shoot_as_file line:158 [ERROR] : 截图失败，失败的原因是：unsupported operand type(s) for +: 'NoneType' and 'str'
[2020-06-02 18:25:47,359] base_page.py->substation_wait line:140 [INFO] : 设置固定等待时间为：10.0
[2020-06-02 18:25:47,359] base_page.py->screen_shoot_as_file line:158 [ERROR] : 截图失败，失败的原因是：unsupported operand type(s) for +: 'NoneType' and 'str'
[2020-06-02 18:25:49,925] base_page.py->close_current_browser_tab line:36 [INFO] : 关闭当前tab页签
[2020-06-02 18:25:49,925] selenium_base_case.py->tearDown line:34 [INFO] : ------------------测试方法执行完毕------------------
[2020-06-02 18:58:35,731] selenium_base_case.py->setUpClass line:16 [INFO] : ==================测试类开始执行==================
[2020-06-02 18:58:35,734] selenium_base_case.py->setUp line:21 [INFO] : ------------------测试方法开始执行------------------
[2020-06-02 18:58:52,401] browser.py->__get_firefox_driver line:35 [INFO] : 初始化并启动火狐浏览器
[2020-06-02 18:58:52,402] base_page.py->__init__ line:22 [INFO] : 实例化浏览器驱动
[2020-06-02 18:58:52,402] base_page.py->set_browser_personalized line:59 [INFO] : 开始进行个性化浏览器设置
[2020-06-02 18:58:54,964] base_page.py->set_browser_personalized line:63 [INFO] : 最大化浏览器，等待时间为默认等待时间，设置浏览器窗口为450*900的H5页面
[2020-06-02 18:58:54,983] base_page.py->implicity_wait line:145 [INFO] : 设置隐式等待时间为10.0秒
[2020-06-02 18:59:14,072] base_page.py->open_url line:28 [INFO] : 打开浏览器地址http://150.109.170.136:8082/
[2020-06-02 18:59:14,072] base_page.py->__init__ line:22 [INFO] : 实例化浏览器驱动
[2020-06-02 18:59:14,142] base_page.py->find_element line:197 [INFO] : [用户名输入框]元素识别成功
[2020-06-02 18:59:14,174] base_page.py->input_element_operation line:218 [INFO] : [用户名输入框]元素输入内容为：test01
[2020-06-02 18:59:14,186] base_page.py->find_element line:197 [INFO] : [密码输入框]元素识别成功
[2020-06-02 18:59:14,205] base_page.py->input_element_operation line:218 [INFO] : [密码输入框]元素输入内容为：111111
[2020-06-02 18:59:14,209] base_page.py->find_element line:197 [INFO] : [登录按钮]元素识别成功
[2020-06-02 18:59:14,440] base_page.py->click_operation line:208 [INFO] : [登录按钮]元素进行点击操作
[2020-06-02 18:59:14,475] base_page.py->screen_shoot_as_file line:158 [ERROR] : 截图失败，失败的原因是：unsupported operand type(s) for +: 'NoneType' and 'str'
[2020-06-02 18:59:24,479] base_page.py->substation_wait line:140 [INFO] : 设置固定等待时间为：10.0
[2020-06-02 18:59:24,479] base_page.py->screen_shoot_as_file line:158 [ERROR] : 截图失败，失败的原因是：unsupported operand type(s) for +: 'NoneType' and 'str'
[2020-06-02 18:59:26,876] base_page.py->close_current_browser_tab line:36 [INFO] : 关闭当前tab页签
[2020-06-02 18:59:26,876] selenium_base_case.py->tearDown line:34 [INFO] : ------------------测试方法执行完毕------------------
[2020-06-02 19:58:29,939] selenium_base_case.py->setUpClass line:16 [INFO] : ==================测试类开始执行==================
[2020-06-02 19:58:29,940] selenium_base_case.py->setUp line:21 [INFO] : ------------------测试方法开始执行------------------
[2020-06-02 19:58:45,931] browser.py->__get_firefox_driver line:35 [INFO] : 初始化并启动火狐浏览器
[2020-06-02 19:58:45,932] base_page.py->__init__ line:22 [INFO] : 实例化浏览器驱动
[2020-06-02 19:58:45,932] base_page.py->set_browser_personalized line:59 [INFO] : 开始进行个性化浏览器设置
[2020-06-02 19:58:48,425] base_page.py->set_browser_personalized line:63 [INFO] : 最大化浏览器，等待时间为默认等待时间，设置浏览器窗口为450*900的H5页面
[2020-06-02 19:58:48,562] base_page.py->implicity_wait line:146 [INFO] : 设置隐式等待时间为10.0秒
[2020-06-02 19:59:10,014] base_page.py->open_url line:28 [INFO] : 打开浏览器地址http://150.109.170.136:8082/
[2020-06-02 19:59:10,015] base_page.py->__init__ line:22 [INFO] : 实例化浏览器驱动
[2020-06-02 19:59:10,209] base_page.py->find_element line:198 [INFO] : [用户名输入框]元素识别成功
[2020-06-02 19:59:10,334] base_page.py->input_element_operation line:219 [INFO] : [用户名输入框]元素输入内容为：test01
[2020-06-02 19:59:10,462] base_page.py->find_element line:198 [INFO] : [密码输入框]元素识别成功
[2020-06-02 19:59:10,554] base_page.py->input_element_operation line:219 [INFO] : [密码输入框]元素输入内容为：111111
[2020-06-02 19:59:10,682] base_page.py->find_element line:198 [INFO] : [登录按钮]元素识别成功
[2020-06-02 19:59:10,931] base_page.py->click_operation line:209 [INFO] : [登录按钮]元素进行点击操作
[2020-06-02 19:59:10,944] base_page.py->implicity_wait line:146 [INFO] : 设置隐式等待时间为10.0秒
[2020-06-02 19:59:11,227] base_page.py->screen_shoot_as_file line:157 [INFO] : 截图成功
[2020-06-02 19:59:21,228] base_page.py->substation_wait line:141 [INFO] : 设置固定等待时间为：10.0
[2020-06-02 19:59:21,428] base_page.py->screen_shoot_as_file line:157 [INFO] : 截图成功
[2020-06-02 19:59:24,331] base_page.py->close_current_browser_tab line:36 [INFO] : 关闭当前tab页签
[2020-06-02 19:59:24,331] selenium_base_case.py->tearDown line:34 [INFO] : ------------------测试方法执行完毕------------------
[2020-06-02 19:59:24,332] selenium_base_case.py->setUp line:21 [INFO] : ------------------测试方法开始执行------------------
[2020-06-02 19:59:38,728] browser.py->__get_firefox_driver line:35 [INFO] : 初始化并启动火狐浏览器
[2020-06-02 19:59:38,728] base_page.py->__init__ line:22 [INFO] : 实例化浏览器驱动
[2020-06-02 19:59:38,729] base_page.py->set_browser_personalized line:59 [INFO] : 开始进行个性化浏览器设置
[2020-06-02 19:59:41,127] base_page.py->set_browser_personalized line:63 [INFO] : 最大化浏览器，等待时间为默认等待时间，设置浏览器窗口为450*900的H5页面
[2020-06-02 19:59:41,132] base_page.py->implicity_wait line:146 [INFO] : 设置隐式等待时间为10.0秒
[2020-06-02 19:59:59,931] base_page.py->open_url line:28 [INFO] : 打开浏览器地址http://150.109.170.136:8082/
[2020-06-02 19:59:59,931] base_page.py->__init__ line:22 [INFO] : 实例化浏览器驱动
[2020-06-02 19:59:59,946] base_page.py->find_element line:198 [INFO] : [用户名输入框]元素识别成功
[2020-06-02 20:00:00,031] base_page.py->input_element_operation line:219 [INFO] : [用户名输入框]元素输入内容为：liseen001
[2020-06-02 20:00:00,044] base_page.py->find_element line:198 [INFO] : [密码输入框]元素识别成功
[2020-06-02 20:00:00,116] base_page.py->input_element_operation line:219 [INFO] : [密码输入框]元素输入内容为：000000
[2020-06-02 20:00:00,134] base_page.py->find_element line:198 [INFO] : [登录按钮]元素识别成功
[2020-06-02 20:00:00,412] base_page.py->click_operation line:209 [INFO] : [登录按钮]元素进行点击操作
[2020-06-02 20:00:00,412] base_page.py->__init__ line:22 [INFO] : 实例化浏览器驱动
[2020-06-02 20:00:00,521] base_page.py->implicity_wait line:146 [INFO] : 设置隐式等待时间为10.0秒
[2020-06-02 20:00:00,804] base_page.py->screen_shoot_as_file line:157 [INFO] : 截图成功
[2020-06-02 20:00:10,805] base_page.py->substation_wait line:141 [INFO] : 设置固定等待时间为：10.0
[2020-06-02 20:00:11,160] base_page.py->screen_shoot_as_file line:157 [INFO] : 截图成功
[2020-06-02 20:00:15,140] base_page.py->close_current_browser_tab line:36 [INFO] : 关闭当前tab页签
[2020-06-02 20:00:15,140] selenium_base_case.py->tearDown line:34 [INFO] : ------------------测试方法执行完毕------------------
[2020-06-02 20:00:15,141] selenium_base_case.py->tearDownClass line:38 [INFO] : ==================测试类执行完毕==================
[2020-06-02 20:01:44,398] selenium_base_case.py->setUpClass line:16 [INFO] : ==================测试类开始执行==================
[2020-06-02 20:01:44,399] selenium_base_case.py->setUp line:21 [INFO] : ------------------测试方法开始执行------------------
[2020-06-02 20:02:03,448] browser.py->__get_firefox_driver line:35 [INFO] : 初始化并启动火狐浏览器
[2020-06-02 20:02:03,448] base_page.py->__init__ line:22 [INFO] : 实例化浏览器驱动
[2020-06-02 20:02:03,448] base_page.py->set_browser_personalized line:59 [INFO] : 开始进行个性化浏览器设置
[2020-06-02 20:02:05,821] base_page.py->set_browser_personalized line:63 [INFO] : 最大化浏览器，等待时间为默认等待时间，设置浏览器窗口为450*900的H5页面
[2020-06-02 20:02:05,897] base_page.py->implicity_wait line:146 [INFO] : 设置隐式等待时间为10.0秒
[2020-06-02 20:02:24,984] base_page.py->open_url line:28 [INFO] : 打开浏览器地址http://150.109.170.136:8082/
[2020-06-02 20:02:24,984] base_page.py->__init__ line:22 [INFO] : 实例化浏览器驱动
[2020-06-02 20:02:25,067] base_page.py->find_element line:198 [INFO] : [用户名输入框]元素识别成功
[2020-06-02 20:02:25,162] base_page.py->input_element_operation line:219 [INFO] : [用户名输入框]元素输入内容为：test01
[2020-06-02 20:02:25,187] base_page.py->find_element line:198 [INFO] : [密码输入框]元素识别成功
[2020-06-02 20:02:25,267] base_page.py->input_element_operation line:219 [INFO] : [密码输入框]元素输入内容为：111111
[2020-06-02 20:02:25,273] base_page.py->find_element line:198 [INFO] : [登录按钮]元素识别成功
[2020-06-02 20:02:25,650] base_page.py->click_operation line:209 [INFO] : [登录按钮]元素进行点击操作
[2020-06-02 20:02:25,657] base_page.py->implicity_wait line:146 [INFO] : 设置隐式等待时间为10.0秒
[2020-06-02 20:02:25,939] base_page.py->screen_shoot_as_file line:157 [INFO] : 截图成功
[2020-06-02 20:02:35,939] base_page.py->substation_wait line:141 [INFO] : 设置固定等待时间为：10.0
[2020-06-02 20:02:36,151] base_page.py->screen_shoot_as_file line:157 [INFO] : 截图成功
[2020-06-02 20:02:40,774] base_page.py->close_current_browser_tab line:36 [INFO] : 关闭当前tab页签
[2020-06-02 20:02:40,774] selenium_base_case.py->tearDown line:34 [INFO] : ------------------测试方法执行完毕------------------
[2020-06-02 20:02:40,777] selenium_base_case.py->setUp line:21 [INFO] : ------------------测试方法开始执行------------------
[2020-06-02 20:02:57,799] browser.py->__get_firefox_driver line:35 [INFO] : 初始化并启动火狐浏览器
[2020-06-02 20:02:57,800] base_page.py->__init__ line:22 [INFO] : 实例化浏览器驱动
[2020-06-02 20:02:57,800] base_page.py->set_browser_personalized line:59 [INFO] : 开始进行个性化浏览器设置
[2020-06-02 20:03:00,192] base_page.py->set_browser_personalized line:63 [INFO] : 最大化浏览器，等待时间为默认等待时间，设置浏览器窗口为450*900的H5页面
[2020-06-02 20:03:00,224] base_page.py->implicity_wait line:146 [INFO] : 设置隐式等待时间为10.0秒
[2020-06-02 20:03:19,167] base_page.py->open_url line:28 [INFO] : 打开浏览器地址http://150.109.170.136:8082/
[2020-06-02 20:03:19,167] base_page.py->__init__ line:22 [INFO] : 实例化浏览器驱动
[2020-06-02 20:03:19,184] base_page.py->find_element line:198 [INFO] : [用户名输入框]元素识别成功
[2020-06-02 20:03:19,230] base_page.py->input_element_operation line:219 [INFO] : [用户名输入框]元素输入内容为：liseen001
[2020-06-02 20:03:19,239] base_page.py->find_element line:198 [INFO] : [密码输入框]元素识别成功
[2020-06-02 20:03:19,259] base_page.py->input_element_operation line:219 [INFO] : [密码输入框]元素输入内容为：000000
[2020-06-02 20:03:19,266] base_page.py->find_element line:198 [INFO] : [登录按钮]元素识别成功
[2020-06-02 20:03:19,499] base_page.py->click_operation line:209 [INFO] : [登录按钮]元素进行点击操作
[2020-06-02 20:03:19,500] base_page.py->__init__ line:22 [INFO] : 实例化浏览器驱动
[2020-06-02 20:03:19,569] base_page.py->implicity_wait line:146 [INFO] : 设置隐式等待时间为10.0秒
[2020-06-02 20:03:19,809] base_page.py->screen_shoot_as_file line:157 [INFO] : 截图成功
[2020-06-02 20:03:29,810] base_page.py->substation_wait line:141 [INFO] : 设置固定等待时间为：10.0
[2020-06-02 20:03:30,005] base_page.py->screen_shoot_as_file line:157 [INFO] : 截图成功
[2020-06-02 20:03:32,792] base_page.py->close_current_browser_tab line:36 [INFO] : 关闭当前tab页签
[2020-06-02 20:03:32,792] selenium_base_case.py->tearDown line:34 [INFO] : ------------------测试方法执行完毕------------------
[2020-06-02 20:03:32,796] selenium_base_case.py->tearDownClass line:38 [INFO] : ==================测试类执行完毕==================
[2020-06-02 20:09:13,525] selenium_base_case.py->setUpClass line:16 [INFO] : ==================测试类开始执行==================
[2020-06-02 20:09:13,527] selenium_base_case.py->setUp line:21 [INFO] : ------------------测试方法开始执行------------------
[2020-06-02 20:09:29,581] browser.py->__get_firefox_driver line:35 [INFO] : 初始化并启动火狐浏览器
[2020-06-02 20:09:29,581] base_page.py->__init__ line:22 [INFO] : 实例化浏览器驱动
[2020-06-02 20:09:29,581] base_page.py->set_browser_personalized line:59 [INFO] : 开始进行个性化浏览器设置
[2020-06-02 20:09:31,975] base_page.py->set_browser_personalized line:63 [INFO] : 最大化浏览器，等待时间为默认等待时间，设置浏览器窗口为450*900的H5页面
[2020-06-02 20:09:31,983] base_page.py->implicity_wait line:146 [INFO] : 设置隐式等待时间为10.0秒
[2020-06-02 20:09:52,087] base_page.py->open_url line:28 [INFO] : 打开浏览器地址http://150.109.170.136:8082/
[2020-06-02 20:09:52,087] base_page.py->__init__ line:22 [INFO] : 实例化浏览器驱动
[2020-06-02 20:09:52,159] base_page.py->find_element line:198 [INFO] : [用户名输入框]元素识别成功
[2020-06-02 20:09:52,188] base_page.py->input_element_operation line:219 [INFO] : [用户名输入框]元素输入内容为：test01
[2020-06-02 20:09:52,198] base_page.py->find_element line:198 [INFO] : [密码输入框]元素识别成功
[2020-06-02 20:09:52,218] base_page.py->input_element_operation line:219 [INFO] : [密码输入框]元素输入内容为：111111
[2020-06-02 20:09:52,224] base_page.py->find_element line:198 [INFO] : [登录按钮]元素识别成功
[2020-06-02 20:09:52,454] base_page.py->click_operation line:209 [INFO] : [登录按钮]元素进行点击操作
[2020-06-02 20:09:52,460] base_page.py->implicity_wait line:146 [INFO] : 设置隐式等待时间为10.0秒
[2020-06-02 20:09:52,776] base_page.py->screen_shoot_as_file line:157 [INFO] : 截图成功
[2020-06-02 20:10:02,776] base_page.py->substation_wait line:141 [INFO] : 设置固定等待时间为：10.0
[2020-06-02 20:10:03,032] base_page.py->screen_shoot_as_file line:157 [INFO] : 截图成功
[2020-06-02 20:10:05,396] base_page.py->close_current_browser_tab line:36 [INFO] : 关闭当前tab页签
[2020-06-02 20:10:05,397] selenium_base_case.py->tearDown line:34 [INFO] : ------------------测试方法执行完毕------------------
[2020-06-02 20:10:05,398] selenium_base_case.py->setUp line:21 [INFO] : ------------------测试方法开始执行------------------
[2020-06-02 20:10:20,109] browser.py->__get_firefox_driver line:35 [INFO] : 初始化并启动火狐浏览器
[2020-06-02 20:10:20,110] base_page.py->__init__ line:22 [INFO] : 实例化浏览器驱动
[2020-06-02 20:10:20,110] base_page.py->set_browser_personalized line:59 [INFO] : 开始进行个性化浏览器设置
[2020-06-02 20:10:22,529] base_page.py->set_browser_personalized line:63 [INFO] : 最大化浏览器，等待时间为默认等待时间，设置浏览器窗口为450*900的H5页面
[2020-06-02 20:10:22,535] base_page.py->implicity_wait line:146 [INFO] : 设置隐式等待时间为10.0秒
[2020-06-02 20:10:41,450] base_page.py->open_url line:28 [INFO] : 打开浏览器地址http://150.109.170.136:8082/
[2020-06-02 20:10:41,450] base_page.py->__init__ line:22 [INFO] : 实例化浏览器驱动
[2020-06-02 20:10:41,471] base_page.py->find_element line:198 [INFO] : [用户名输入框]元素识别成功
[2020-06-02 20:10:41,558] base_page.py->input_element_operation line:219 [INFO] : [用户名输入框]元素输入内容为：liseen001
[2020-06-02 20:10:41,568] base_page.py->find_element line:198 [INFO] : [密码输入框]元素识别成功
[2020-06-02 20:10:41,614] base_page.py->input_element_operation line:219 [INFO] : [密码输入框]元素输入内容为：000000
[2020-06-02 20:10:41,626] base_page.py->find_element line:198 [INFO] : [登录按钮]元素识别成功
[2020-06-02 20:10:41,874] base_page.py->click_operation line:209 [INFO] : [登录按钮]元素进行点击操作
[2020-06-02 20:10:41,874] base_page.py->__init__ line:22 [INFO] : 实例化浏览器驱动
[2020-06-02 20:10:41,951] base_page.py->implicity_wait line:146 [INFO] : 设置隐式等待时间为10.0秒
[2020-06-02 20:10:42,192] base_page.py->screen_shoot_as_file line:157 [INFO] : 截图成功
[2020-06-02 20:10:52,193] base_page.py->substation_wait line:141 [INFO] : 设置固定等待时间为：10.0
[2020-06-02 20:10:52,406] base_page.py->screen_shoot_as_file line:157 [INFO] : 截图成功
[2020-06-02 20:10:55,398] base_page.py->close_current_browser_tab line:36 [INFO] : 关闭当前tab页签
[2020-06-02 20:10:55,399] selenium_base_case.py->tearDown line:34 [INFO] : ------------------测试方法执行完毕------------------
[2020-06-02 20:10:55,400] selenium_base_case.py->tearDownClass line:38 [INFO] : ==================测试类执行完毕==================
[2020-06-02 20:10:59,405] email_utils.py->zip_send_mail line:99 [INFO] : 邮件发送成功
[2020-06-02 20:17:30,769] selenium_base_case.py->setUpClass line:16 [INFO] : ==================测试类开始执行==================
[2020-06-02 20:17:30,770] selenium_base_case.py->setUp line:21 [INFO] : ------------------测试方法开始执行------------------
[2020-06-02 20:17:48,798] browser.py->__get_firefox_driver line:35 [INFO] : 初始化并启动火狐浏览器
[2020-06-02 20:17:48,798] base_page.py->__init__ line:22 [INFO] : 实例化浏览器驱动
[2020-06-02 20:17:48,799] base_page.py->set_browser_personalized line:59 [INFO] : 开始进行个性化浏览器设置
[2020-06-02 20:17:51,247] base_page.py->set_browser_personalized line:63 [INFO] : 最大化浏览器，等待时间为默认等待时间，设置浏览器窗口为450*900的H5页面
[2020-06-02 20:17:51,316] base_page.py->implicity_wait line:146 [INFO] : 设置隐式等待时间为10.0秒
[2020-06-02 20:18:10,594] base_page.py->open_url line:28 [INFO] : 打开浏览器地址http://150.109.170.136:8082/
[2020-06-02 20:18:10,595] base_page.py->__init__ line:22 [INFO] : 实例化浏览器驱动
[2020-06-02 20:18:10,667] base_page.py->find_element line:198 [INFO] : [用户名输入框]元素识别成功
[2020-06-02 20:18:10,700] base_page.py->input_element_operation line:219 [INFO] : [用户名输入框]元素输入内容为：test01
[2020-06-02 20:18:10,705] base_page.py->find_element line:198 [INFO] : [密码输入框]元素识别成功
[2020-06-02 20:18:10,729] base_page.py->input_element_operation line:219 [INFO] : [密码输入框]元素输入内容为：111111
[2020-06-02 20:18:10,736] base_page.py->find_element line:198 [INFO] : [登录按钮]元素识别成功
[2020-06-02 20:18:10,971] base_page.py->click_operation line:209 [INFO] : [登录按钮]元素进行点击操作
[2020-06-02 20:18:10,972] login_action.py->login_fail line:35 [INFO] : 登录成功
[2020-06-02 20:18:10,976] base_page.py->implicity_wait line:146 [INFO] : 设置隐式等待时间为10.0秒
[2020-06-02 20:18:11,226] base_page.py->screen_shoot_as_file line:157 [INFO] : 截图成功
[2020-06-02 20:18:21,226] base_page.py->substation_wait line:141 [INFO] : 设置固定等待时间为：10.0
[2020-06-02 20:18:21,430] base_page.py->screen_shoot_as_file line:157 [INFO] : 截图成功
[2020-06-02 20:18:24,632] base_page.py->close_current_browser_tab line:36 [INFO] : 关闭当前tab页签
[2020-06-02 20:18:24,632] selenium_base_case.py->tearDown line:34 [INFO] : ------------------测试方法执行完毕------------------
[2020-06-02 20:18:24,634] selenium_base_case.py->setUp line:21 [INFO] : ------------------测试方法开始执行------------------
[2020-06-02 20:18:39,939] browser.py->__get_firefox_driver line:35 [INFO] : 初始化并启动火狐浏览器
[2020-06-02 20:18:39,940] base_page.py->__init__ line:22 [INFO] : 实例化浏览器驱动
[2020-06-02 20:18:39,940] base_page.py->set_browser_personalized line:59 [INFO] : 开始进行个性化浏览器设置
[2020-06-02 20:18:42,379] base_page.py->set_browser_personalized line:63 [INFO] : 最大化浏览器，等待时间为默认等待时间，设置浏览器窗口为450*900的H5页面
[2020-06-02 20:18:42,385] base_page.py->implicity_wait line:146 [INFO] : 设置隐式等待时间为10.0秒
[2020-06-02 20:19:01,299] base_page.py->open_url line:28 [INFO] : 打开浏览器地址http://150.109.170.136:8082/
[2020-06-02 20:19:01,299] base_page.py->__init__ line:22 [INFO] : 实例化浏览器驱动
[2020-06-02 20:19:01,315] base_page.py->find_element line:198 [INFO] : [用户名输入框]元素识别成功
[2020-06-02 20:19:01,351] base_page.py->input_element_operation line:219 [INFO] : [用户名输入框]元素输入内容为：liseen001
[2020-06-02 20:19:01,359] base_page.py->find_element line:198 [INFO] : [密码输入框]元素识别成功
[2020-06-02 20:19:01,383] base_page.py->input_element_operation line:219 [INFO] : [密码输入框]元素输入内容为：000000
[2020-06-02 20:19:01,392] base_page.py->find_element line:198 [INFO] : [登录按钮]元素识别成功
[2020-06-02 20:19:01,634] base_page.py->click_operation line:209 [INFO] : [登录按钮]元素进行点击操作
[2020-06-02 20:19:01,634] login_action.py->login_success line:24 [INFO] : 登录成功
[2020-06-02 20:19:01,634] base_page.py->__init__ line:22 [INFO] : 实例化浏览器驱动
[2020-06-02 20:19:01,704] base_page.py->implicity_wait line:146 [INFO] : 设置隐式等待时间为10.0秒
[2020-06-02 20:19:01,953] base_page.py->screen_shoot_as_file line:157 [INFO] : 截图成功
[2020-06-02 20:19:11,953] base_page.py->substation_wait line:141 [INFO] : 设置固定等待时间为：10.0
[2020-06-02 20:19:12,141] base_page.py->screen_shoot_as_file line:157 [INFO] : 截图成功
[2020-06-02 20:19:14,576] base_page.py->close_current_browser_tab line:36 [INFO] : 关闭当前tab页签
[2020-06-02 20:19:14,576] selenium_base_case.py->tearDown line:34 [INFO] : ------------------测试方法执行完毕------------------
[2020-06-02 20:19:14,577] selenium_base_case.py->tearDownClass line:38 [INFO] : ==================测试类执行完毕==================
[2020-06-02 20:19:17,800] email_utils.py->zip_send_mail line:99 [INFO] : 邮件发送成功
[2020-06-02 20:33:25,668] selenium_base_case.py->setUpClass line:16 [INFO] : ==================测试类开始执行==================
[2020-06-02 20:33:25,669] selenium_base_case.py->setUp line:21 [INFO] : ------------------测试方法开始执行------------------
[2020-06-02 20:34:37,619] browser.py->__get_firefox_driver line:35 [INFO] : 初始化并启动火狐浏览器
[2020-06-02 20:34:37,620] base_page.py->__init__ line:22 [INFO] : 实例化浏览器驱动
[2020-06-02 20:34:37,620] base_page.py->set_browser_personalized line:59 [INFO] : 开始进行个性化浏览器设置
[2020-06-02 20:34:37,811] base_page.py->set_browser_personalized line:65 [ERROR] : 进行个性化浏览器设置失败，失败的原因是：Message: Browsing context has been discarded

[2020-06-02 20:35:10,056] base_page.py->screen_shoot_as_file line:159 [ERROR] : 截图失败，失败的原因是：Message: Failed to decode response from marionette

[2020-06-02 20:35:10,067] base_page.py->implicity_wait line:148 [ERROR] : 隐式等待设置失效，原因是：Message: Tried to run command without establishing a connection

[2020-06-02 20:35:10,142] base_page.py->screen_shoot_as_file line:159 [ERROR] : 截图失败，失败的原因是：Message: Tried to run command without establishing a connection

[2020-06-02 20:35:10,158] base_page.py->open_url line:30 [ERROR] : 不能打开浏览器地址，原因是：Message: Tried to run command without establishing a connection

[2020-06-02 20:35:10,239] base_page.py->screen_shoot_as_file line:159 [ERROR] : 截图失败，失败的原因是：Message: Tried to run command without establishing a connection

[2020-06-02 20:35:10,239] base_page.py->__init__ line:22 [INFO] : 实例化浏览器驱动
[2020-06-02 20:35:10,609] base_page.py->find_element line:200 [ERROR] : [用户名输入框]元素识失败，失败的原因是：Message: Tried to run command without establishing a connection

[2020-06-02 20:35:10,685] base_page.py->screen_shoot_as_file line:159 [ERROR] : 截图失败，失败的原因是：Message: Tried to run command without establishing a connection

[2020-06-02 20:35:20,685] base_page.py->substation_wait line:141 [INFO] : 设置固定等待时间为：10.0
[2020-06-02 20:35:20,771] base_page.py->screen_shoot_as_file line:159 [ERROR] : 截图失败，失败的原因是：Message: Tried to run command without establishing a connection

[2020-06-02 20:35:20,788] base_page.py->close_current_browser_tab line:38 [ERROR] : 关闭当前tab页签失败，原因是：Message: Tried to run command without establishing a connection

[2020-06-02 20:35:20,883] base_page.py->screen_shoot_as_file line:159 [ERROR] : 截图失败，失败的原因是：Message: Tried to run command without establishing a connection

[2020-06-02 20:35:20,883] selenium_base_case.py->tearDown line:34 [INFO] : ------------------测试方法执行完毕------------------
[2020-06-02 20:35:20,886] selenium_base_case.py->setUp line:21 [INFO] : ------------------测试方法开始执行------------------
[2020-06-02 20:36:01,952] browser.py->__get_firefox_driver line:35 [INFO] : 初始化并启动火狐浏览器
[2020-06-02 20:36:01,953] base_page.py->__init__ line:22 [INFO] : 实例化浏览器驱动
[2020-06-02 20:36:01,953] base_page.py->set_browser_personalized line:59 [INFO] : 开始进行个性化浏览器设置
[2020-06-02 20:36:04,337] base_page.py->set_browser_personalized line:63 [INFO] : 最大化浏览器，等待时间为默认等待时间，设置浏览器窗口为450*900的H5页面
[2020-06-02 20:36:04,341] base_page.py->implicity_wait line:146 [INFO] : 设置隐式等待时间为10.0秒
[2020-06-02 20:36:23,225] base_page.py->open_url line:28 [INFO] : 打开浏览器地址http://150.109.170.136:8082/
[2020-06-02 20:36:23,226] base_page.py->__init__ line:22 [INFO] : 实例化浏览器驱动
[2020-06-02 20:36:23,245] base_page.py->find_element line:198 [INFO] : [用户名输入框]元素识别成功
[2020-06-02 20:36:23,282] base_page.py->input_element_operation line:219 [INFO] : [用户名输入框]元素输入内容为：liseen001
[2020-06-02 20:36:23,288] base_page.py->find_element line:198 [INFO] : [密码输入框]元素识别成功
[2020-06-02 20:36:23,306] base_page.py->input_element_operation line:219 [INFO] : [密码输入框]元素输入内容为：000000
[2020-06-02 20:36:23,312] base_page.py->find_element line:198 [INFO] : [登录按钮]元素识别成功
[2020-06-02 20:36:23,534] base_page.py->click_operation line:209 [INFO] : [登录按钮]元素进行点击操作
[2020-06-02 20:36:23,535] login_action.py->login_success line:24 [INFO] : 登录成功
[2020-06-02 20:36:23,535] base_page.py->__init__ line:22 [INFO] : 实例化浏览器驱动
[2020-06-02 20:36:23,600] base_page.py->implicity_wait line:146 [INFO] : 设置隐式等待时间为10.0秒
[2020-06-02 20:36:23,812] base_page.py->screen_shoot_as_file line:157 [INFO] : 截图成功
[2020-06-02 20:36:33,813] base_page.py->substation_wait line:141 [INFO] : 设置固定等待时间为：10.0
[2020-06-02 20:36:33,965] base_page.py->screen_shoot_as_file line:157 [INFO] : 截图成功
[2020-06-02 20:36:35,993] base_page.py->close_current_browser_tab line:36 [INFO] : 关闭当前tab页签
[2020-06-02 20:36:35,994] selenium_base_case.py->tearDown line:34 [INFO] : ------------------测试方法执行完毕------------------
[2020-06-02 20:36:35,995] selenium_base_case.py->tearDownClass line:38 [INFO] : ==================测试类执行完毕==================
[2020-06-02 20:36:38,391] email_utils.py->zip_send_mail line:99 [INFO] : 邮件发送成功
[2020-06-02 20:36:44,885] selenium_base_case.py->setUpClass line:16 [INFO] : ==================测试类开始执行==================
[2020-06-02 20:36:44,886] selenium_base_case.py->setUp line:21 [INFO] : ------------------测试方法开始执行------------------
[2020-06-02 20:36:55,836] browser.py->__get_firefox_driver line:35 [INFO] : 初始化并启动火狐浏览器
[2020-06-02 20:36:55,836] base_page.py->__init__ line:22 [INFO] : 实例化浏览器驱动
[2020-06-02 20:36:55,836] base_page.py->set_browser_personalized line:59 [INFO] : 开始进行个性化浏览器设置
[2020-06-02 20:36:58,164] base_page.py->set_browser_personalized line:63 [INFO] : 最大化浏览器，等待时间为默认等待时间，设置浏览器窗口为450*900的H5页面
[2020-06-02 20:36:58,169] base_page.py->implicity_wait line:146 [INFO] : 设置隐式等待时间为10.0秒
[2020-06-02 20:37:17,014] base_page.py->open_url line:28 [INFO] : 打开浏览器地址http://150.109.170.136:8082/
[2020-06-02 20:37:17,014] base_page.py->__init__ line:22 [INFO] : 实例化浏览器驱动
[2020-06-02 20:37:17,071] base_page.py->find_element line:198 [INFO] : [用户名输入框]元素识别成功
[2020-06-02 20:37:17,118] base_page.py->input_element_operation line:219 [INFO] : [用户名输入框]元素输入内容为：test01
[2020-06-02 20:37:17,132] base_page.py->find_element line:198 [INFO] : [密码输入框]元素识别成功
[2020-06-02 20:37:17,162] base_page.py->input_element_operation line:219 [INFO] : [密码输入框]元素输入内容为：111111
[2020-06-02 20:37:17,169] base_page.py->find_element line:198 [INFO] : [登录按钮]元素识别成功
[2020-06-02 20:37:17,408] base_page.py->click_operation line:209 [INFO] : [登录按钮]元素进行点击操作
[2020-06-02 20:37:17,408] login_action.py->login_fail line:34 [INFO] : 登录失败
[2020-06-02 20:37:17,414] base_page.py->implicity_wait line:146 [INFO] : 设置隐式等待时间为10.0秒
[2020-06-02 20:37:17,634] base_page.py->screen_shoot_as_file line:157 [INFO] : 截图成功
[2020-06-02 20:37:27,635] base_page.py->substation_wait line:141 [INFO] : 设置固定等待时间为：10.0
[2020-06-02 20:37:27,810] base_page.py->screen_shoot_as_file line:157 [INFO] : 截图成功
[2020-06-02 20:37:33,340] base_page.py->close_current_browser_tab line:36 [INFO] : 关闭当前tab页签
[2020-06-02 20:37:33,341] selenium_base_case.py->tearDown line:34 [INFO] : ------------------测试方法执行完毕------------------
[2020-06-02 20:37:33,342] selenium_base_case.py->setUp line:21 [INFO] : ------------------测试方法开始执行------------------
[2020-06-02 20:37:44,204] browser.py->__get_firefox_driver line:35 [INFO] : 初始化并启动火狐浏览器
[2020-06-02 20:37:44,205] base_page.py->__init__ line:22 [INFO] : 实例化浏览器驱动
[2020-06-02 20:37:44,205] base_page.py->set_browser_personalized line:59 [INFO] : 开始进行个性化浏览器设置
[2020-06-02 20:37:46,523] base_page.py->set_browser_personalized line:63 [INFO] : 最大化浏览器，等待时间为默认等待时间，设置浏览器窗口为450*900的H5页面
[2020-06-02 20:37:46,530] base_page.py->implicity_wait line:146 [INFO] : 设置隐式等待时间为10.0秒
[2020-06-02 20:38:05,384] base_page.py->open_url line:28 [INFO] : 打开浏览器地址http://150.109.170.136:8082/
[2020-06-02 20:38:05,384] base_page.py->__init__ line:22 [INFO] : 实例化浏览器驱动
[2020-06-02 20:38:05,400] base_page.py->find_element line:198 [INFO] : [用户名输入框]元素识别成功
[2020-06-02 20:38:05,449] base_page.py->input_element_operation line:219 [INFO] : [用户名输入框]元素输入内容为：liseen001
[2020-06-02 20:38:05,456] base_page.py->find_element line:198 [INFO] : [密码输入框]元素识别成功
[2020-06-02 20:38:05,482] base_page.py->input_element_operation line:219 [INFO] : [密码输入框]元素输入内容为：000000
[2020-06-02 20:38:05,488] base_page.py->find_element line:198 [INFO] : [登录按钮]元素识别成功
[2020-06-02 20:38:05,715] base_page.py->click_operation line:209 [INFO] : [登录按钮]元素进行点击操作
[2020-06-02 20:38:05,715] login_action.py->login_success line:24 [INFO] : 登录成功
[2020-06-02 20:38:05,715] base_page.py->__init__ line:22 [INFO] : 实例化浏览器驱动
[2020-06-02 20:38:05,810] base_page.py->implicity_wait line:146 [INFO] : 设置隐式等待时间为10.0秒
[2020-06-02 20:38:06,002] base_page.py->screen_shoot_as_file line:157 [INFO] : 截图成功
[2020-06-02 20:38:16,004] base_page.py->substation_wait line:141 [INFO] : 设置固定等待时间为：10.0
[2020-06-02 20:38:16,182] base_page.py->screen_shoot_as_file line:157 [INFO] : 截图成功
[2020-06-02 20:38:18,957] base_page.py->close_current_browser_tab line:36 [INFO] : 关闭当前tab页签
[2020-06-02 20:38:18,958] selenium_base_case.py->tearDown line:34 [INFO] : ------------------测试方法执行完毕------------------
[2020-06-02 20:38:18,959] selenium_base_case.py->tearDownClass line:38 [INFO] : ==================测试类执行完毕==================
[2020-06-02 20:38:22,109] email_utils.py->zip_send_mail line:99 [INFO] : 邮件发送成功
[2020-06-02 20:42:26,542] selenium_base_case.py->setUpClass line:16 [INFO] : ==================测试类开始执行==================
[2020-06-02 20:42:26,544] selenium_base_case.py->setUp line:21 [INFO] : ------------------测试方法开始执行------------------
[2020-06-02 20:42:42,952] browser.py->__get_firefox_driver line:35 [INFO] : 初始化并启动火狐浏览器
[2020-06-02 20:42:42,953] base_page.py->__init__ line:22 [INFO] : 实例化浏览器驱动
[2020-06-02 20:42:42,953] base_page.py->set_browser_personalized line:59 [INFO] : 开始进行个性化浏览器设置
[2020-06-02 20:42:45,814] base_page.py->set_browser_personalized line:63 [INFO] : 最大化浏览器，等待时间为默认等待时间，设置浏览器窗口为450*900的H5页面
[2020-06-02 20:42:45,824] base_page.py->implicity_wait line:146 [INFO] : 设置隐式等待时间为10.0秒
[2020-06-02 20:43:04,674] base_page.py->open_url line:28 [INFO] : 打开浏览器地址http://150.109.170.136:8082/
[2020-06-02 20:43:04,674] base_page.py->__init__ line:22 [INFO] : 实例化浏览器驱动
[2020-06-02 20:43:04,740] base_page.py->find_element line:198 [INFO] : [用户名输入框]元素识别成功
[2020-06-02 20:43:04,780] base_page.py->input_element_operation line:219 [INFO] : [用户名输入框]元素输入内容为：test01
[2020-06-02 20:43:04,789] base_page.py->find_element line:198 [INFO] : [密码输入框]元素识别成功
[2020-06-02 20:43:04,807] base_page.py->input_element_operation line:219 [INFO] : [密码输入框]元素输入内容为：111111
[2020-06-02 20:43:04,812] base_page.py->find_element line:198 [INFO] : [登录按钮]元素识别成功
[2020-06-02 20:43:05,041] base_page.py->click_operation line:209 [INFO] : [登录按钮]元素进行点击操作
[2020-06-02 20:43:05,041] login_action.py->login_fail line:34 [INFO] : 登录失败
[2020-06-02 20:43:05,046] base_page.py->implicity_wait line:146 [INFO] : 设置隐式等待时间为10.0秒
[2020-06-02 20:43:05,322] base_page.py->screen_shoot_as_file line:157 [INFO] : 截图成功
[2020-06-02 20:43:15,324] base_page.py->substation_wait line:141 [INFO] : 设置固定等待时间为：10.0
[2020-06-02 20:43:15,531] base_page.py->screen_shoot_as_file line:157 [INFO] : 截图成功
[2020-06-02 20:43:17,665] base_page.py->close_current_browser_tab line:36 [INFO] : 关闭当前tab页签
[2020-06-02 20:43:17,665] selenium_base_case.py->tearDown line:34 [INFO] : ------------------测试方法执行完毕------------------
[2020-06-02 20:43:17,667] selenium_base_case.py->setUp line:21 [INFO] : ------------------测试方法开始执行------------------
[2020-06-02 20:43:31,299] browser.py->__get_firefox_driver line:35 [INFO] : 初始化并启动火狐浏览器
[2020-06-02 20:43:31,300] base_page.py->__init__ line:22 [INFO] : 实例化浏览器驱动
[2020-06-02 20:43:31,301] base_page.py->set_browser_personalized line:59 [INFO] : 开始进行个性化浏览器设置
[2020-06-02 20:43:33,700] base_page.py->set_browser_personalized line:63 [INFO] : 最大化浏览器，等待时间为默认等待时间，设置浏览器窗口为450*900的H5页面
[2020-06-02 20:43:33,706] base_page.py->implicity_wait line:146 [INFO] : 设置隐式等待时间为10.0秒
[2020-06-02 20:43:52,788] base_page.py->open_url line:28 [INFO] : 打开浏览器地址http://150.109.170.136:8082/
[2020-06-02 20:43:52,788] base_page.py->__init__ line:22 [INFO] : 实例化浏览器驱动
[2020-06-02 20:43:52,806] base_page.py->find_element line:198 [INFO] : [用户名输入框]元素识别成功
[2020-06-02 20:43:52,848] base_page.py->input_element_operation line:219 [INFO] : [用户名输入框]元素输入内容为：liseen001
[2020-06-02 20:43:52,853] base_page.py->find_element line:198 [INFO] : [密码输入框]元素识别成功
[2020-06-02 20:43:52,875] base_page.py->input_element_operation line:219 [INFO] : [密码输入框]元素输入内容为：000000
[2020-06-02 20:43:52,882] base_page.py->find_element line:198 [INFO] : [登录按钮]元素识别成功
[2020-06-02 20:43:53,109] base_page.py->click_operation line:209 [INFO] : [登录按钮]元素进行点击操作
[2020-06-02 20:43:53,109] login_action.py->login_success line:24 [INFO] : 登录成功
[2020-06-02 20:43:53,109] base_page.py->__init__ line:22 [INFO] : 实例化浏览器驱动
[2020-06-02 20:43:53,182] base_page.py->implicity_wait line:146 [INFO] : 设置隐式等待时间为10.0秒
[2020-06-02 20:43:53,405] base_page.py->screen_shoot_as_file line:157 [INFO] : 截图成功
[2020-06-02 20:44:03,406] base_page.py->substation_wait line:141 [INFO] : 设置固定等待时间为：10.0
[2020-06-02 20:44:03,721] base_page.py->screen_shoot_as_file line:157 [INFO] : 截图成功
[2020-06-02 20:44:06,062] base_page.py->close_current_browser_tab line:36 [INFO] : 关闭当前tab页签
[2020-06-02 20:44:06,063] selenium_base_case.py->tearDown line:34 [INFO] : ------------------测试方法执行完毕------------------
[2020-06-02 20:44:06,064] selenium_base_case.py->tearDownClass line:38 [INFO] : ==================测试类执行完毕==================
[2020-06-02 20:44:11,876] email_utils.py->zip_send_mail line:99 [INFO] : 邮件发送成功
[2020-06-02 20:52:03,831] selenium_base_case.py->setUpClass line:16 [INFO] : ==================测试类开始执行==================
[2020-06-02 20:52:03,832] selenium_base_case.py->setUp line:21 [INFO] : ------------------测试方法开始执行------------------
[2020-06-02 20:52:20,072] browser.py->__get_firefox_driver line:35 [INFO] : 初始化并启动火狐浏览器
[2020-06-02 20:52:20,073] base_page.py->__init__ line:22 [INFO] : 实例化浏览器驱动
[2020-06-02 20:52:20,073] base_page.py->set_browser_personalized line:59 [INFO] : 开始进行个性化浏览器设置
[2020-06-02 20:52:22,621] base_page.py->set_browser_personalized line:63 [INFO] : 最大化浏览器，等待时间为默认等待时间，设置浏览器窗口为450*900的H5页面
[2020-06-02 20:52:22,674] base_page.py->implicity_wait line:146 [INFO] : 设置隐式等待时间为10.0秒
[2020-06-02 20:52:41,840] base_page.py->open_url line:28 [INFO] : 打开浏览器地址http://150.109.170.136:8082/
[2020-06-02 20:52:41,840] base_page.py->__init__ line:22 [INFO] : 实例化浏览器驱动
[2020-06-02 20:52:41,920] base_page.py->find_element line:198 [INFO] : [用户名输入框]元素识别成功
[2020-06-02 20:52:41,955] base_page.py->input_element_operation line:219 [INFO] : [用户名输入框]元素输入内容为：test01
[2020-06-02 20:52:41,960] base_page.py->find_element line:198 [INFO] : [密码输入框]元素识别成功
[2020-06-02 20:52:41,979] base_page.py->input_element_operation line:219 [INFO] : [密码输入框]元素输入内容为：111111
[2020-06-02 20:52:41,986] base_page.py->find_element line:198 [INFO] : [登录按钮]元素识别成功
[2020-06-02 20:52:42,215] base_page.py->click_operation line:209 [INFO] : [登录按钮]元素进行点击操作
[2020-06-02 20:52:42,216] login_action.py->login_fail line:34 [INFO] : 登录失败
[2020-06-02 20:52:42,220] base_page.py->implicity_wait line:146 [INFO] : 设置隐式等待时间为10.0秒
[2020-06-02 20:52:42,225] base_page.py->find_element line:198 [INFO] : [登录失败返回的文本信息]元素识别成功
[2020-06-02 20:52:42,225] base_page.py->get_elementinfo_text line:95 [INFO] : 获取元素文本信息登录失败返回的文本信息成功
[2020-06-02 20:52:52,242] base_page.py->substation_wait line:141 [INFO] : 设置固定等待时间为：10.0
[2020-06-02 20:52:52,539] base_page.py->screen_shoot_as_file line:157 [INFO] : 截图成功
[2020-06-02 20:52:55,027] base_page.py->close_current_browser_tab line:36 [INFO] : 关闭当前tab页签
[2020-06-02 20:52:55,027] selenium_base_case.py->tearDown line:34 [INFO] : ------------------测试方法执行完毕------------------
[2020-06-02 20:52:55,030] selenium_base_case.py->setUp line:21 [INFO] : ------------------测试方法开始执行------------------
[2020-06-02 20:53:08,888] browser.py->__get_firefox_driver line:35 [INFO] : 初始化并启动火狐浏览器
[2020-06-02 20:53:08,889] base_page.py->__init__ line:22 [INFO] : 实例化浏览器驱动
[2020-06-02 20:53:08,889] base_page.py->set_browser_personalized line:59 [INFO] : 开始进行个性化浏览器设置
[2020-06-02 20:53:11,287] base_page.py->set_browser_personalized line:63 [INFO] : 最大化浏览器，等待时间为默认等待时间，设置浏览器窗口为450*900的H5页面
[2020-06-02 20:53:11,300] base_page.py->implicity_wait line:146 [INFO] : 设置隐式等待时间为10.0秒
[2020-06-02 20:53:30,501] base_page.py->open_url line:28 [INFO] : 打开浏览器地址http://150.109.170.136:8082/
[2020-06-02 20:53:30,501] base_page.py->__init__ line:22 [INFO] : 实例化浏览器驱动
[2020-06-02 20:53:30,520] base_page.py->find_element line:198 [INFO] : [用户名输入框]元素识别成功
[2020-06-02 20:53:30,591] base_page.py->input_element_operation line:219 [INFO] : [用户名输入框]元素输入内容为：liseen001
[2020-06-02 20:53:30,672] base_page.py->find_element line:198 [INFO] : [密码输入框]元素识别成功
[2020-06-02 20:53:30,699] base_page.py->input_element_operation line:219 [INFO] : [密码输入框]元素输入内容为：000000
[2020-06-02 20:53:30,709] base_page.py->find_element line:198 [INFO] : [登录按钮]元素识别成功
[2020-06-02 20:53:30,992] base_page.py->click_operation line:209 [INFO] : [登录按钮]元素进行点击操作
[2020-06-02 20:53:30,992] login_action.py->login_success line:24 [INFO] : 登录成功
[2020-06-02 20:53:30,992] base_page.py->__init__ line:22 [INFO] : 实例化浏览器驱动
[2020-06-02 20:53:31,096] base_page.py->implicity_wait line:146 [INFO] : 设置隐式等待时间为10.0秒
[2020-06-02 20:53:33,092] base_page.py->find_element line:198 [INFO] : [更多按钮]元素识别成功
[2020-06-02 20:53:33,093] base_page.py->get_elementinfo_text line:95 [INFO] : 获取元素文本信息更多按钮成功
[2020-06-02 20:53:43,221] base_page.py->substation_wait line:141 [INFO] : 设置固定等待时间为：10.0
[2020-06-02 20:53:43,440] base_page.py->screen_shoot_as_file line:157 [INFO] : 截图成功
[2020-06-02 20:53:45,750] base_page.py->close_current_browser_tab line:36 [INFO] : 关闭当前tab页签
[2020-06-02 20:53:45,750] selenium_base_case.py->tearDown line:34 [INFO] : ------------------测试方法执行完毕------------------
[2020-06-02 20:53:45,750] selenium_base_case.py->tearDownClass line:38 [INFO] : ==================测试类执行完毕==================
[2020-06-02 20:53:48,358] email_utils.py->zip_send_mail line:99 [INFO] : 邮件发送成功
[2020-06-02 20:55:36,743] selenium_base_case.py->setUpClass line:16 [INFO] : ==================测试类开始执行==================
[2020-06-02 20:55:36,744] selenium_base_case.py->setUp line:21 [INFO] : ------------------测试方法开始执行------------------
[2020-06-02 20:55:50,314] browser.py->__get_firefox_driver line:35 [INFO] : 初始化并启动火狐浏览器
[2020-06-02 20:55:50,318] base_page.py->__init__ line:22 [INFO] : 实例化浏览器驱动
[2020-06-02 20:55:50,319] base_page.py->set_browser_personalized line:59 [INFO] : 开始进行个性化浏览器设置
[2020-06-02 20:55:52,668] base_page.py->set_browser_personalized line:63 [INFO] : 最大化浏览器，等待时间为默认等待时间，设置浏览器窗口为450*900的H5页面
[2020-06-02 20:55:52,673] base_page.py->implicity_wait line:146 [INFO] : 设置隐式等待时间为10.0秒
[2020-06-02 20:56:11,760] base_page.py->open_url line:28 [INFO] : 打开浏览器地址http://150.109.170.136:8082/
[2020-06-02 20:56:11,760] base_page.py->__init__ line:22 [INFO] : 实例化浏览器驱动
[2020-06-02 20:56:11,824] base_page.py->find_element line:198 [INFO] : [用户名输入框]元素识别成功
[2020-06-02 20:56:11,878] base_page.py->input_element_operation line:219 [INFO] : [用户名输入框]元素输入内容为：test01
[2020-06-02 20:56:11,887] base_page.py->find_element line:198 [INFO] : [密码输入框]元素识别成功
[2020-06-02 20:56:11,925] base_page.py->input_element_operation line:219 [INFO] : [密码输入框]元素输入内容为：111111
[2020-06-02 20:56:11,936] base_page.py->find_element line:198 [INFO] : [登录按钮]元素识别成功
[2020-06-02 20:56:12,166] base_page.py->click_operation line:209 [INFO] : [登录按钮]元素进行点击操作
[2020-06-02 20:56:12,166] login_action.py->login_fail line:34 [INFO] : 登录失败
[2020-06-02 20:56:12,171] base_page.py->implicity_wait line:146 [INFO] : 设置隐式等待时间为10.0秒
[2020-06-02 20:56:12,175] base_page.py->find_element line:198 [INFO] : [登录失败返回的文本信息]元素识别成功
[2020-06-02 20:56:12,175] base_page.py->get_elementinfo_text line:95 [INFO] : 获取元素文本信息登录失败返回的文本信息成功
[2020-06-02 20:56:22,192] base_page.py->substation_wait line:141 [INFO] : 设置固定等待时间为：10.0
[2020-06-02 20:56:22,405] base_page.py->screen_shoot_as_file line:157 [INFO] : 截图成功
[2020-06-02 20:56:25,022] base_page.py->close_current_browser_tab line:36 [INFO] : 关闭当前tab页签
[2020-06-02 20:56:25,022] selenium_base_case.py->tearDown line:34 [INFO] : ------------------测试方法执行完毕------------------
[2020-06-02 20:56:25,023] selenium_base_case.py->setUp line:21 [INFO] : ------------------测试方法开始执行------------------
[2020-06-02 20:56:37,890] browser.py->__get_firefox_driver line:35 [INFO] : 初始化并启动火狐浏览器
[2020-06-02 20:56:37,891] base_page.py->__init__ line:22 [INFO] : 实例化浏览器驱动
[2020-06-02 20:56:37,891] base_page.py->set_browser_personalized line:59 [INFO] : 开始进行个性化浏览器设置
[2020-06-02 20:56:40,236] base_page.py->set_browser_personalized line:63 [INFO] : 最大化浏览器，等待时间为默认等待时间，设置浏览器窗口为450*900的H5页面
[2020-06-02 20:56:40,242] base_page.py->implicity_wait line:146 [INFO] : 设置隐式等待时间为10.0秒
[2020-06-02 20:56:59,093] base_page.py->open_url line:28 [INFO] : 打开浏览器地址http://150.109.170.136:8082/
[2020-06-02 20:56:59,093] base_page.py->__init__ line:22 [INFO] : 实例化浏览器驱动
[2020-06-02 20:56:59,113] base_page.py->find_element line:198 [INFO] : [用户名输入框]元素识别成功
[2020-06-02 20:56:59,172] base_page.py->input_element_operation line:219 [INFO] : [用户名输入框]元素输入内容为：liseen001
[2020-06-02 20:56:59,194] base_page.py->find_element line:198 [INFO] : [密码输入框]元素识别成功
[2020-06-02 20:56:59,221] base_page.py->input_element_operation line:219 [INFO] : [密码输入框]元素输入内容为：000000
[2020-06-02 20:56:59,226] base_page.py->find_element line:198 [INFO] : [登录按钮]元素识别成功
[2020-06-02 20:56:59,453] base_page.py->click_operation line:209 [INFO] : [登录按钮]元素进行点击操作
[2020-06-02 20:56:59,453] login_action.py->login_success line:24 [INFO] : 登录成功
[2020-06-02 20:56:59,453] base_page.py->__init__ line:22 [INFO] : 实例化浏览器驱动
[2020-06-02 20:56:59,526] base_page.py->implicity_wait line:146 [INFO] : 设置隐式等待时间为10.0秒
[2020-06-02 20:57:01,422] base_page.py->find_element line:198 [INFO] : [更多按钮]元素识别成功
[2020-06-02 20:57:01,423] base_page.py->get_elementinfo_text line:95 [INFO] : 获取元素文本信息更多按钮成功
[2020-06-02 20:57:03,956] base_page.py->close_current_browser_tab line:36 [INFO] : 关闭当前tab页签
[2020-06-02 20:57:03,956] selenium_base_case.py->tearDown line:34 [INFO] : ------------------测试方法执行完毕------------------
[2020-06-02 20:57:03,956] selenium_base_case.py->tearDownClass line:38 [INFO] : ==================测试类执行完毕==================
[2020-06-02 20:57:06,227] email_utils.py->zip_send_mail line:99 [INFO] : 邮件发送成功
[2020-06-02 21:10:04,003] selenium_base_case.py->setUpClass line:16 [INFO] : ==================测试类开始执行==================
[2020-06-02 21:10:04,022] selenium_base_case.py->setUp line:21 [INFO] : ------------------测试方法开始执行------------------
[2020-06-02 21:11:05,666] browser.py->__get_firefox_driver line:35 [INFO] : 初始化并启动火狐浏览器
[2020-06-02 21:11:05,666] base_page.py->__init__ line:22 [INFO] : 实例化浏览器驱动
[2020-06-02 21:11:05,666] base_page.py->set_browser_personalized line:59 [INFO] : 开始进行个性化浏览器设置
[2020-06-02 21:11:08,793] base_page.py->set_browser_personalized line:63 [INFO] : 最大化浏览器，等待时间为默认等待时间，设置浏览器窗口为450*900的H5页面
[2020-06-02 21:11:08,822] base_page.py->implicity_wait line:146 [INFO] : 设置隐式等待时间为10.0秒
[2020-06-02 21:11:34,067] base_page.py->open_url line:28 [INFO] : 打开浏览器地址http://150.109.170.136:8082/
[2020-06-02 21:11:34,068] base_page.py->__init__ line:22 [INFO] : 实例化浏览器驱动
[2020-06-02 21:11:34,271] base_page.py->find_element line:198 [INFO] : [用户名输入框]元素识别成功
[2020-06-02 21:11:34,371] base_page.py->input_element_operation line:219 [INFO] : [用户名输入框]元素输入内容为：test01
[2020-06-02 21:11:34,671] base_page.py->find_element line:198 [INFO] : [密码输入框]元素识别成功
[2020-06-02 21:11:34,743] base_page.py->input_element_operation line:219 [INFO] : [密码输入框]元素输入内容为：111111
[2020-06-02 21:11:35,023] base_page.py->find_element line:198 [INFO] : [登录按钮]元素识别成功
[2020-06-02 21:11:35,514] base_page.py->click_operation line:209 [INFO] : [登录按钮]元素进行点击操作
[2020-06-02 21:11:35,664] base_page.py->implicity_wait line:146 [INFO] : 设置隐式等待时间为10.0秒
[2020-06-02 21:11:35,899] base_page.py->find_element line:198 [INFO] : [登录失败返回的文本信息]元素识别成功
[2020-06-02 21:11:35,899] base_page.py->get_elementinfo_text line:95 [INFO] : 获取元素文本信息登录失败返回的文本信息成功
[2020-06-02 21:11:36,004] login_action.py->login_fail line:34 [INFO] : 登录失败,返回登录失败的提示信息为：登录
[2020-06-02 21:11:36,210] base_page.py->implicity_wait line:146 [INFO] : 设置隐式等待时间为10.0秒
[2020-06-02 21:11:36,268] base_page.py->find_element line:198 [INFO] : [登录失败返回的文本信息]元素识别成功
[2020-06-02 21:11:36,269] base_page.py->get_elementinfo_text line:95 [INFO] : 获取元素文本信息登录失败返回的文本信息成功
[2020-06-02 21:11:46,483] base_page.py->substation_wait line:141 [INFO] : 设置固定等待时间为：10.0
[2020-06-02 21:11:46,484] base_page.py->screen_shoot_as_file line:159 [ERROR] : 截图失败，失败的原因是：unsupported operand type(s) for +: 'NoneType' and 'str'
[2020-06-02 21:12:32,748] base_page.py->close_current_browser_tab line:36 [INFO] : 关闭当前tab页签
[2020-06-02 21:12:32,748] selenium_base_case.py->tearDown line:34 [INFO] : ------------------测试方法执行完毕------------------
[2020-06-02 21:15:38,315] selenium_base_case.py->setUpClass line:16 [INFO] : ==================测试类开始执行==================
[2020-06-02 21:15:38,317] selenium_base_case.py->setUp line:21 [INFO] : ------------------测试方法开始执行------------------
[2020-06-02 21:16:45,896] browser.py->__get_firefox_driver line:35 [INFO] : 初始化并启动火狐浏览器
[2020-06-02 21:16:45,896] base_page.py->__init__ line:22 [INFO] : 实例化浏览器驱动
[2020-06-02 21:16:45,896] base_page.py->set_browser_personalized line:59 [INFO] : 开始进行个性化浏览器设置
[2020-06-02 21:16:49,230] base_page.py->set_browser_personalized line:63 [INFO] : 最大化浏览器，等待时间为默认等待时间，设置浏览器窗口为450*900的H5页面
[2020-06-02 21:16:49,454] base_page.py->implicity_wait line:146 [INFO] : 设置隐式等待时间为10.0秒
[2020-06-02 21:17:13,978] base_page.py->open_url line:28 [INFO] : 打开浏览器地址http://150.109.170.136:8082/
[2020-06-02 21:17:13,980] base_page.py->__init__ line:22 [INFO] : 实例化浏览器驱动
[2020-06-02 21:17:14,676] base_page.py->find_element line:198 [INFO] : [用户名输入框]元素识别成功
[2020-06-02 21:17:15,077] base_page.py->input_element_operation line:219 [INFO] : [用户名输入框]元素输入内容为：test01
[2020-06-02 21:17:15,270] base_page.py->find_element line:198 [INFO] : [密码输入框]元素识别成功
[2020-06-02 21:17:15,642] base_page.py->input_element_operation line:219 [INFO] : [密码输入框]元素输入内容为：111111
[2020-06-02 21:17:15,974] base_page.py->find_element line:198 [INFO] : [登录按钮]元素识别成功
[2020-06-02 21:17:16,600] base_page.py->click_operation line:209 [INFO] : [登录按钮]元素进行点击操作
[2020-06-02 21:17:16,616] base_page.py->implicity_wait line:146 [INFO] : 设置隐式等待时间为10.0秒
[2020-06-02 21:17:16,651] base_page.py->find_element line:198 [INFO] : [登录失败返回的文本信息]元素识别成功
[2020-06-02 21:17:16,652] base_page.py->get_elementinfo_text line:95 [INFO] : 获取元素文本信息登录失败返回的文本信息成功
[2020-06-02 21:17:16,823] login_action.py->login_fail line:34 [INFO] : 登录失败,返回登录失败的提示信息为：账号或者密码错误
[2020-06-02 21:17:16,935] base_page.py->implicity_wait line:146 [INFO] : 设置隐式等待时间为10.0秒
[2020-06-02 21:17:17,182] base_page.py->find_element line:198 [INFO] : [登录失败返回的文本信息]元素识别成功
[2020-06-02 21:17:17,182] base_page.py->get_elementinfo_text line:95 [INFO] : 获取元素文本信息登录失败返回的文本信息成功
[2020-06-02 21:17:54,915] base_page.py->close_current_browser_tab line:36 [INFO] : 关闭当前tab页签
[2020-06-02 21:17:54,915] selenium_base_case.py->tearDown line:34 [INFO] : ------------------测试方法执行完毕------------------
[2020-06-02 21:17:54,916] selenium_base_case.py->setUp line:21 [INFO] : ------------------测试方法开始执行------------------
[2020-06-02 21:18:52,104] browser.py->__get_firefox_driver line:35 [INFO] : 初始化并启动火狐浏览器
[2020-06-02 21:18:52,104] base_page.py->__init__ line:22 [INFO] : 实例化浏览器驱动
[2020-06-02 21:18:52,104] base_page.py->set_browser_personalized line:59 [INFO] : 开始进行个性化浏览器设置
[2020-06-02 21:18:55,010] base_page.py->set_browser_personalized line:63 [INFO] : 最大化浏览器，等待时间为默认等待时间，设置浏览器窗口为450*900的H5页面
[2020-06-02 21:18:55,278] base_page.py->implicity_wait line:146 [INFO] : 设置隐式等待时间为10.0秒
[2020-06-02 21:19:20,789] base_page.py->open_url line:28 [INFO] : 打开浏览器地址http://150.109.170.136:8082/
[2020-06-02 21:19:20,789] base_page.py->__init__ line:22 [INFO] : 实例化浏览器驱动
[2020-06-02 21:19:21,224] base_page.py->find_element line:198 [INFO] : [用户名输入框]元素识别成功
[2020-06-02 21:19:21,673] base_page.py->input_element_operation line:219 [INFO] : [用户名输入框]元素输入内容为：liseen001
[2020-06-02 21:19:22,002] base_page.py->find_element line:198 [INFO] : [密码输入框]元素识别成功
[2020-06-02 21:19:22,217] base_page.py->input_element_operation line:219 [INFO] : [密码输入框]元素输入内容为：000000
[2020-06-02 21:19:22,222] base_page.py->find_element line:198 [INFO] : [登录按钮]元素识别成功
[2020-06-02 21:19:22,957] base_page.py->click_operation line:209 [INFO] : [登录按钮]元素进行点击操作
[2020-06-02 21:19:22,958] login_action.py->login_success line:24 [INFO] : 登录成功
[2020-06-02 21:19:22,959] base_page.py->__init__ line:22 [INFO] : 实例化浏览器驱动
[2020-06-02 21:19:23,648] base_page.py->implicity_wait line:146 [INFO] : 设置隐式等待时间为10.0秒
[2020-06-02 21:19:25,234] base_page.py->find_element line:198 [INFO] : [更多按钮]元素识别成功
[2020-06-02 21:19:25,235] base_page.py->get_elementinfo_text line:95 [INFO] : 获取元素文本信息更多按钮成功
[2020-06-02 21:19:57,731] base_page.py->close_current_browser_tab line:36 [INFO] : 关闭当前tab页签
[2020-06-02 21:19:57,731] selenium_base_case.py->tearDown line:34 [INFO] : ------------------测试方法执行完毕------------------
[2020-06-02 21:19:57,732] selenium_base_case.py->tearDownClass line:38 [INFO] : ==================测试类执行完毕==================
[2020-06-02 21:20:00,102] email_utils.py->zip_send_mail line:99 [INFO] : 邮件发送成功
